2296604 DEBUG [2017-12-20 10:56:45]  {conn-710004, stmt-720003, rs-750003} open
2296620 DEBUG [2017-12-20 10:56:45]  {conn-710004, stmt-720003, rs-750003} Header: [1]
2296620 DEBUG [2017-12-20 10:56:45]  {conn-710004, stmt-720003, rs-750003} closed
2296620 DEBUG [2017-12-20 10:56:45]  {conn-710004, stmt-720003} closed
2296917 DEBUG [2017-12-20 10:56:45]  {conn-710005} connected
2296917 DEBUG [2017-12-20 10:56:45]  {conn-710005, stmt-720004} created
2296948 DEBUG [2017-12-20 10:56:45]  {conn-710005, stmt-720004, rs-750004} query executed. 29.768243 millis. 
SELECT 1 FROM DUAL
2296948 DEBUG [2017-12-20 10:56:45]  {conn-710005, stmt-720004, rs-750004} open
2296948 DEBUG [2017-12-20 10:56:45]  {conn-710005, stmt-720004, rs-750004} Header: [1]
2296948 DEBUG [2017-12-20 10:56:45]  {conn-710005, stmt-720004, rs-750004} closed
2296948 DEBUG [2017-12-20 10:56:45]  {conn-710005, stmt-720004} closed
2297010 INFO  [2017-12-20 10:56:45]  {dataSource-8} inited
2297042 DEBUG [2017-12-20 10:56:45]  {conn-710005} pool-connect
2297042 DEBUG [2017-12-20 10:56:45]  {conn-710005} pool-recycle
2338234 DEBUG [2017-12-20 10:57:26]  {conn-710001} closed
2338234 DEBUG [2017-12-20 10:57:26]  {conn-710002} closed
2338234 DEBUG [2017-12-20 10:57:26]  {conn-710003} closed
2338234 DEBUG [2017-12-20 10:57:26]  {conn-710004} closed
2338234 DEBUG [2017-12-20 10:57:26]  {conn-710005} closed
2338234 INFO  [2017-12-20 10:57:26]  {dataSource-8} closed
2339390 DEBUG [2017-12-20 10:57:27]  {conn-810001} connected
2339398 DEBUG [2017-12-20 10:57:27]  {conn-810001, stmt-820000} created
2339415 DEBUG [2017-12-20 10:57:27]  {conn-810001, stmt-820000, rs-850000} query executed. 31.686787 millis. 
SELECT 1 FROM DUAL
2339415 DEBUG [2017-12-20 10:57:27]  {conn-810001, stmt-820000, rs-850000} open
2339415 DEBUG [2017-12-20 10:57:27]  {conn-810001, stmt-820000, rs-850000} Header: [1]
2339415 DEBUG [2017-12-20 10:57:27]  {conn-810001, stmt-820000, rs-850000} closed
2339430 DEBUG [2017-12-20 10:57:27]  {conn-810001, stmt-820000} closed
2339759 DEBUG [2017-12-20 10:57:28]  {conn-810002} connected
2339759 DEBUG [2017-12-20 10:57:28]  {conn-810002, stmt-820001} created
2339790 DEBUG [2017-12-20 10:57:28]  {conn-810002, stmt-820001, rs-850001} query executed. 33.191427 millis. 
SELECT 1 FROM DUAL
2339790 DEBUG [2017-12-20 10:57:28]  {conn-810002, stmt-820001, rs-850001} open
2339790 DEBUG [2017-12-20 10:57:28]  {conn-810002, stmt-820001, rs-850001} Header: [1]
2339790 DEBUG [2017-12-20 10:57:28]  {conn-810002, stmt-820001, rs-850001} closed
2339790 DEBUG [2017-12-20 10:57:28]  {conn-810002, stmt-820001} closed
2340118 DEBUG [2017-12-20 10:57:28]  {conn-810003} connected
2340134 DEBUG [2017-12-20 10:57:28]  {conn-810003, stmt-820002} created
2340165 DEBUG [2017-12-20 10:57:28]  {conn-810003, stmt-820002, rs-850002} query executed. 34.961549 millis. 
SELECT 1 FROM DUAL
2340165 DEBUG [2017-12-20 10:57:28]  {conn-810003, stmt-820002, rs-850002} open
2340165 DEBUG [2017-12-20 10:57:28]  {conn-810003, stmt-820002, rs-850002} Header: [1]
2340165 DEBUG [2017-12-20 10:57:28]  {conn-810003, stmt-820002, rs-850002} closed
2340165 DEBUG [2017-12-20 10:57:28]  {conn-810003, stmt-820002} closed
2340509 DEBUG [2017-12-20 10:57:28]  {conn-810004} connected
2340509 DEBUG [2017-12-20 10:57:28]  {conn-810004, stmt-820003} created
2340543 DEBUG [2017-12-20 10:57:28]  {conn-810004, stmt-820003, rs-850003} query executed. 33.31651 millis. 
SELECT 1 FROM DUAL
2340543 DEBUG [2017-12-20 10:57:28]  {conn-810004, stmt-820003, rs-850003} open
2340543 DEBUG [2017-12-20 10:57:28]  {conn-810004, stmt-820003, rs-850003} Header: [1]
2340543 DEBUG [2017-12-20 10:57:28]  {conn-810004, stmt-820003, rs-850003} closed
2340543 DEBUG [2017-12-20 10:57:28]  {conn-810004, stmt-820003} closed
2340855 DEBUG [2017-12-20 10:57:29]  {conn-810005} connected
2340855 DEBUG [2017-12-20 10:57:29]  {conn-810005, stmt-820004} created
2340887 DEBUG [2017-12-20 10:57:29]  {conn-810005, stmt-820004, rs-850004} query executed. 30.877578 millis. 
SELECT 1 FROM DUAL
2340887 DEBUG [2017-12-20 10:57:29]  {conn-810005, stmt-820004, rs-850004} open
2340887 DEBUG [2017-12-20 10:57:29]  {conn-810005, stmt-820004, rs-850004} Header: [1]
2340887 DEBUG [2017-12-20 10:57:29]  {conn-810005, stmt-820004, rs-850004} closed
2340887 DEBUG [2017-12-20 10:57:29]  {conn-810005, stmt-820004} closed
2340965 INFO  [2017-12-20 10:57:29]  {dataSource-9} inited
2341043 DEBUG [2017-12-20 10:57:29]  {conn-810005} pool-connect
2341043 DEBUG [2017-12-20 10:57:29]  {conn-810005} pool-recycle
2358304 DEBUG [2017-12-20 10:57:46]  {conn-810001} closed
2358304 DEBUG [2017-12-20 10:57:46]  {conn-810002} closed
2358304 DEBUG [2017-12-20 10:57:46]  {conn-810003} closed
2358304 DEBUG [2017-12-20 10:57:46]  {conn-810004} closed
2358304 DEBUG [2017-12-20 10:57:46]  {conn-810005} closed
2358304 INFO  [2017-12-20 10:57:46]  {dataSource-9} closed
2359631 DEBUG [2017-12-20 10:57:48]  {conn-910001} connected
2359631 DEBUG [2017-12-20 10:57:48]  {conn-910001, stmt-920000} created
2359663 DEBUG [2017-12-20 10:57:48]  {conn-910001, stmt-920000, rs-950000} query executed. 30.44143 millis. 
SELECT 1 FROM DUAL
2359663 DEBUG [2017-12-20 10:57:48]  {conn-910001, stmt-920000, rs-950000} open
2359663 DEBUG [2017-12-20 10:57:48]  {conn-910001, stmt-920000, rs-950000} Header: [1]
2359663 DEBUG [2017-12-20 10:57:48]  {conn-910001, stmt-920000, rs-950000} closed
2359663 DEBUG [2017-12-20 10:57:48]  {conn-910001, stmt-920000} closed
2359975 DEBUG [2017-12-20 10:57:48]  {conn-910002} connected
2359975 DEBUG [2017-12-20 10:57:48]  {conn-910002, stmt-920001} created
2360022 DEBUG [2017-12-20 10:57:48]  {conn-910002, stmt-920001, rs-950001} query executed. 35.507464 millis. 
SELECT 1 FROM DUAL
2360022 DEBUG [2017-12-20 10:57:48]  {conn-910002, stmt-920001, rs-950001} open
2360022 DEBUG [2017-12-20 10:57:48]  {conn-910002, stmt-920001, rs-950001} Header: [1]
2360022 DEBUG [2017-12-20 10:57:48]  {conn-910002, stmt-920001, rs-950001} closed
2360022 DEBUG [2017-12-20 10:57:48]  {conn-910002, stmt-920001} closed
2360319 DEBUG [2017-12-20 10:57:48]  {conn-910003} connected
2360330 DEBUG [2017-12-20 10:57:48]  {conn-910003, stmt-920002} created
2360347 DEBUG [2017-12-20 10:57:48]  {conn-910003, stmt-920002, rs-950002} query executed. 29.684368 millis. 
SELECT 1 FROM DUAL
2360347 DEBUG [2017-12-20 10:57:48]  {conn-910003, stmt-920002, rs-950002} open
2360347 DEBUG [2017-12-20 10:57:48]  {conn-910003, stmt-920002, rs-950002} Header: [1]
2360347 DEBUG [2017-12-20 10:57:48]  {conn-910003, stmt-920002, rs-950002} closed
2360347 DEBUG [2017-12-20 10:57:48]  {conn-910003, stmt-920002} closed
2360675 DEBUG [2017-12-20 10:57:49]  {conn-910004} connected
2360675 DEBUG [2017-12-20 10:57:49]  {conn-910004, stmt-920003} created
2360707 DEBUG [2017-12-20 10:57:49]  {conn-910004, stmt-920003, rs-950003} query executed. 30.464039 millis. 
SELECT 1 FROM DUAL
2360707 DEBUG [2017-12-20 10:57:49]  {conn-910004, stmt-920003, rs-950003} open
2360707 DEBUG [2017-12-20 10:57:49]  {conn-910004, stmt-920003, rs-950003} Header: [1]
2360707 DEBUG [2017-12-20 10:57:49]  {conn-910004, stmt-920003, rs-950003} closed
2360707 DEBUG [2017-12-20 10:57:49]  {conn-910004, stmt-920003} closed
2361035 DEBUG [2017-12-20 10:57:49]  {conn-910005} connected
2361035 DEBUG [2017-12-20 10:57:49]  {conn-910005, stmt-920004} created
2361066 DEBUG [2017-12-20 10:57:49]  {conn-910005, stmt-920004, rs-950004} query executed. 30.564324 millis. 
SELECT 1 FROM DUAL
2361066 DEBUG [2017-12-20 10:57:49]  {conn-910005, stmt-920004, rs-950004} open
2361066 DEBUG [2017-12-20 10:57:49]  {conn-910005, stmt-920004, rs-950004} Header: [1]
2361066 DEBUG [2017-12-20 10:57:49]  {conn-910005, stmt-920004, rs-950004} closed
2361066 DEBUG [2017-12-20 10:57:49]  {conn-910005, stmt-920004} closed
2361129 INFO  [2017-12-20 10:57:49]  {dataSource-10} inited
2361175 DEBUG [2017-12-20 10:57:49]  {conn-910005} pool-connect
2361175 DEBUG [2017-12-20 10:57:49]  {conn-910005} pool-recycle
2387777 DEBUG [2017-12-20 10:58:16]  {conn-910001} closed
2387777 DEBUG [2017-12-20 10:58:16]  {conn-910002} closed
2387777 DEBUG [2017-12-20 10:58:16]  {conn-910003} closed
2387777 DEBUG [2017-12-20 10:58:16]  {conn-910004} closed
2387777 DEBUG [2017-12-20 10:58:16]  {conn-910005} closed
2387777 INFO  [2017-12-20 10:58:16]  {dataSource-10} closed
2388847 DEBUG [2017-12-20 10:58:17]  {conn-1010001} connected
2388859 DEBUG [2017-12-20 10:58:17]  {conn-1010001, stmt-1020000} created
2388876 DEBUG [2017-12-20 10:58:17]  {conn-1010001, stmt-1020000, rs-1050000} query executed. 30.807196 millis. 
SELECT 1 FROM DUAL
2388876 DEBUG [2017-12-20 10:58:17]  {conn-1010001, stmt-1020000, rs-1050000} open
2388876 DEBUG [2017-12-20 10:58:17]  {conn-1010001, stmt-1020000, rs-1050000} Header: [1]
2388876 DEBUG [2017-12-20 10:58:17]  {conn-1010001, stmt-1020000, rs-1050000} closed
2388876 DEBUG [2017-12-20 10:58:17]  {conn-1010001, stmt-1020000} closed
2389204 DEBUG [2017-12-20 10:58:17]  {conn-1010002} connected
2389204 DEBUG [2017-12-20 10:58:17]  {conn-1010002, stmt-1020001} created
2389251 DEBUG [2017-12-20 10:58:17]  {conn-1010002, stmt-1020001, rs-1050001} query executed. 40.248211 millis. 
SELECT 1 FROM DUAL
2389251 DEBUG [2017-12-20 10:58:17]  {conn-1010002, stmt-1020001, rs-1050001} open
2389251 DEBUG [2017-12-20 10:58:17]  {conn-1010002, stmt-1020001, rs-1050001} Header: [1]
2389251 DEBUG [2017-12-20 10:58:17]  {conn-1010002, stmt-1020001, rs-1050001} closed
2389251 DEBUG [2017-12-20 10:58:17]  {conn-1010002, stmt-1020001} closed
2389548 DEBUG [2017-12-20 10:58:17]  {conn-1010003} connected
2389548 DEBUG [2017-12-20 10:58:17]  {conn-1010003, stmt-1020002} created
2389579 DEBUG [2017-12-20 10:58:18]  {conn-1010003, stmt-1020002, rs-1050002} query executed. 29.711354 millis. 
SELECT 1 FROM DUAL
2389579 DEBUG [2017-12-20 10:58:18]  {conn-1010003, stmt-1020002, rs-1050002} open
2389579 DEBUG [2017-12-20 10:58:18]  {conn-1010003, stmt-1020002, rs-1050002} Header: [1]
2389579 DEBUG [2017-12-20 10:58:18]  {conn-1010003, stmt-1020002, rs-1050002} closed
2389579 DEBUG [2017-12-20 10:58:18]  {conn-1010003, stmt-1020002} closed
2389876 DEBUG [2017-12-20 10:58:18]  {conn-1010004} connected
2389880 DEBUG [2017-12-20 10:58:18]  {conn-1010004, stmt-1020003} created
2389897 DEBUG [2017-12-20 10:58:18]  {conn-1010004, stmt-1020003, rs-1050003} query executed. 28.242817 millis. 
SELECT 1 FROM DUAL
2389897 DEBUG [2017-12-20 10:58:18]  {conn-1010004, stmt-1020003, rs-1050003} open
2389897 DEBUG [2017-12-20 10:58:18]  {conn-1010004, stmt-1020003, rs-1050003} Header: [1]
2389897 DEBUG [2017-12-20 10:58:18]  {conn-1010004, stmt-1020003, rs-1050003} closed
2389897 DEBUG [2017-12-20 10:58:18]  {conn-1010004, stmt-1020003} closed
2390209 DEBUG [2017-12-20 10:58:18]  {conn-1010005} connected
2390209 DEBUG [2017-12-20 10:58:18]  {conn-1010005, stmt-1020004} created
2390241 DEBUG [2017-12-20 10:58:18]  {conn-1010005, stmt-1020004, rs-1050004} query executed. 29.821121 millis. 
SELECT 1 FROM DUAL
2390241 DEBUG [2017-12-20 10:58:18]  {conn-1010005, stmt-1020004, rs-1050004} open
2390241 DEBUG [2017-12-20 10:58:18]  {conn-1010005, stmt-1020004, rs-1050004} Header: [1]
2390241 DEBUG [2017-12-20 10:58:18]  {conn-1010005, stmt-1020004, rs-1050004} closed
2390241 DEBUG [2017-12-20 10:58:18]  {conn-1010005, stmt-1020004} closed
2390319 INFO  [2017-12-20 10:58:18]  {dataSource-11} inited
2390522 DEBUG [2017-12-20 10:58:18]  {conn-1010005} pool-connect
2390522 DEBUG [2017-12-20 10:58:18]  {conn-1010005} pool-recycle
2397415 DEBUG [2017-12-20 10:58:25]  {conn-1010001} closed
2397415 DEBUG [2017-12-20 10:58:25]  {conn-1010002} closed
2397415 DEBUG [2017-12-20 10:58:25]  {conn-1010003} closed
2397415 DEBUG [2017-12-20 10:58:25]  {conn-1010004} closed
2397415 DEBUG [2017-12-20 10:58:25]  {conn-1010005} closed
2397415 INFO  [2017-12-20 10:58:25]  {dataSource-11} closed
2398541 DEBUG [2017-12-20 10:58:26]  {conn-1110001} connected
2398555 DEBUG [2017-12-20 10:58:26]  {conn-1110001, stmt-1120000} created
2398572 DEBUG [2017-12-20 10:58:26]  {conn-1110001, stmt-1120000, rs-1150000} query executed. 31.407812 millis. 
SELECT 1 FROM DUAL
2398572 DEBUG [2017-12-20 10:58:26]  {conn-1110001, stmt-1120000, rs-1150000} open
2398572 DEBUG [2017-12-20 10:58:26]  {conn-1110001, stmt-1120000, rs-1150000} Header: [1]
2398587 DEBUG [2017-12-20 10:58:27]  {conn-1110001, stmt-1120000, rs-1150000} closed
2398587 DEBUG [2017-12-20 10:58:27]  {conn-1110001, stmt-1120000} closed
2398884 DEBUG [2017-12-20 10:58:27]  {conn-1110002} connected
2398884 DEBUG [2017-12-20 10:58:27]  {conn-1110002, stmt-1120001} created
2398916 DEBUG [2017-12-20 10:58:27]  {conn-1110002, stmt-1120001, rs-1150001} query executed. 29.991423 millis. 
SELECT 1 FROM DUAL
2398916 DEBUG [2017-12-20 10:58:27]  {conn-1110002, stmt-1120001, rs-1150001} open
2398916 DEBUG [2017-12-20 10:58:27]  {conn-1110002, stmt-1120001, rs-1150001} Header: [1]
2398916 DEBUG [2017-12-20 10:58:27]  {conn-1110002, stmt-1120001, rs-1150001} closed
2398916 DEBUG [2017-12-20 10:58:27]  {conn-1110002, stmt-1120001} closed
2399213 DEBUG [2017-12-20 10:58:27]  {conn-1110003} connected
2399213 DEBUG [2017-12-20 10:58:27]  {conn-1110003, stmt-1120002} created
2399244 DEBUG [2017-12-20 10:58:27]  {conn-1110003, stmt-1120002, rs-1150002} query executed. 31.671106 millis. 
SELECT 1 FROM DUAL
2399244 DEBUG [2017-12-20 10:58:27]  {conn-1110003, stmt-1120002, rs-1150002} open
2399244 DEBUG [2017-12-20 10:58:27]  {conn-1110003, stmt-1120002, rs-1150002} Header: [1]
2399244 DEBUG [2017-12-20 10:58:27]  {conn-1110003, stmt-1120002, rs-1150002} closed
2399244 DEBUG [2017-12-20 10:58:27]  {conn-1110003, stmt-1120002} closed
2399557 DEBUG [2017-12-20 10:58:27]  {conn-1110004} connected
2399564 DEBUG [2017-12-20 10:58:27]  {conn-1110004, stmt-1120003} created
2399580 DEBUG [2017-12-20 10:58:28]  {conn-1110004, stmt-1120003, rs-1150003} query executed. 29.975741 millis. 
SELECT 1 FROM DUAL
2399580 DEBUG [2017-12-20 10:58:28]  {conn-1110004, stmt-1120003, rs-1150003} open
2399580 DEBUG [2017-12-20 10:58:28]  {conn-1110004, stmt-1120003, rs-1150003} Header: [1]
2399580 DEBUG [2017-12-20 10:58:28]  {conn-1110004, stmt-1120003, rs-1150003} closed
2399580 DEBUG [2017-12-20 10:58:28]  {conn-1110004, stmt-1120003} closed
2399893 DEBUG [2017-12-20 10:58:28]  {conn-1110005} connected
2399893 DEBUG [2017-12-20 10:58:28]  {conn-1110005, stmt-1120004} created
2399909 DEBUG [2017-12-20 10:58:28]  {conn-1110005, stmt-1120004, rs-1150004} query executed. 29.005347 millis. 
SELECT 1 FROM DUAL
2399909 DEBUG [2017-12-20 10:58:28]  {conn-1110005, stmt-1120004, rs-1150004} open
2399909 DEBUG [2017-12-20 10:58:28]  {conn-1110005, stmt-1120004, rs-1150004} Header: [1]
2399909 DEBUG [2017-12-20 10:58:28]  {conn-1110005, stmt-1120004, rs-1150004} closed
2399909 DEBUG [2017-12-20 10:58:28]  {conn-1110005, stmt-1120004} closed
2399971 INFO  [2017-12-20 10:58:28]  {dataSource-12} inited
2400034 DEBUG [2017-12-20 10:58:28]  {conn-1110005} pool-connect
2400034 DEBUG [2017-12-20 10:58:28]  {conn-1110005} pool-recycle
0    DEBUG [2017-12-20 11:09:26]  {conn-10001} connected
11   DEBUG [2017-12-20 11:09:26]  {conn-10001, stmt-20000} created
136  DEBUG [2017-12-20 11:09:26]  {conn-10001, stmt-20000, rs-50000} query executed. 123.067964 millis. 
SELECT 1 FROM DUAL
136  DEBUG [2017-12-20 11:09:26]  {conn-10001, stmt-20000, rs-50000} open
136  DEBUG [2017-12-20 11:09:26]  {conn-10001, stmt-20000, rs-50000} Header: [1]
136  DEBUG [2017-12-20 11:09:26]  {conn-10001, stmt-20000, rs-50000} closed
136  DEBUG [2017-12-20 11:09:26]  {conn-10001, stmt-20000} closed
456  DEBUG [2017-12-20 11:09:26]  {conn-10002} connected
456  DEBUG [2017-12-20 11:09:26]  {conn-10002, stmt-20001} created
487  DEBUG [2017-12-20 11:09:26]  {conn-10002, stmt-20001, rs-50001} query executed. 31.730548 millis. 
SELECT 1 FROM DUAL
487  DEBUG [2017-12-20 11:09:26]  {conn-10002, stmt-20001, rs-50001} open
487  DEBUG [2017-12-20 11:09:26]  {conn-10002, stmt-20001, rs-50001} Header: [1]
487  DEBUG [2017-12-20 11:09:26]  {conn-10002, stmt-20001, rs-50001} closed
487  DEBUG [2017-12-20 11:09:26]  {conn-10002, stmt-20001} closed
822  DEBUG [2017-12-20 11:09:26]  {conn-10003} connected
822  DEBUG [2017-12-20 11:09:26]  {conn-10003, stmt-20002} created
854  DEBUG [2017-12-20 11:09:26]  {conn-10003, stmt-20002, rs-50002} query executed. 36.773244 millis. 
SELECT 1 FROM DUAL
854  DEBUG [2017-12-20 11:09:26]  {conn-10003, stmt-20002, rs-50002} open
854  DEBUG [2017-12-20 11:09:26]  {conn-10003, stmt-20002, rs-50002} Header: [1]
854  DEBUG [2017-12-20 11:09:26]  {conn-10003, stmt-20002, rs-50002} closed
854  DEBUG [2017-12-20 11:09:26]  {conn-10003, stmt-20002} closed
1197 DEBUG [2017-12-20 11:09:27]  {conn-10004} connected
1199 DEBUG [2017-12-20 11:09:27]  {conn-10004, stmt-20003} created
1217 DEBUG [2017-12-20 11:09:27]  {conn-10004, stmt-20003, rs-50003} query executed. 32.14044 millis. 
SELECT 1 FROM DUAL
1217 DEBUG [2017-12-20 11:09:27]  {conn-10004, stmt-20003, rs-50003} open
1232 DEBUG [2017-12-20 11:09:27]  {conn-10004, stmt-20003, rs-50003} Header: [1]
1232 DEBUG [2017-12-20 11:09:27]  {conn-10004, stmt-20003, rs-50003} closed
1232 DEBUG [2017-12-20 11:09:27]  {conn-10004, stmt-20003} closed
1531 DEBUG [2017-12-20 11:09:27]  {conn-10005} connected
1531 DEBUG [2017-12-20 11:09:27]  {conn-10005, stmt-20004} created
1562 DEBUG [2017-12-20 11:09:27]  {conn-10005, stmt-20004, rs-50004} query executed. 28.86349 millis. 
SELECT 1 FROM DUAL
1562 DEBUG [2017-12-20 11:09:27]  {conn-10005, stmt-20004, rs-50004} open
1562 DEBUG [2017-12-20 11:09:27]  {conn-10005, stmt-20004, rs-50004} Header: [1]
1562 DEBUG [2017-12-20 11:09:27]  {conn-10005, stmt-20004, rs-50004} closed
1562 DEBUG [2017-12-20 11:09:27]  {conn-10005, stmt-20004} closed
1640 INFO  [2017-12-20 11:09:27]  {dataSource-1} inited
1859 DEBUG [2017-12-20 11:09:27]  {conn-10005} pool-connect
1859 DEBUG [2017-12-20 11:09:27]  {conn-10005} pool-recycle
59209 DEBUG [2017-12-20 11:10:25]  {conn-10001} closed
59210 DEBUG [2017-12-20 11:10:25]  {conn-10002} closed
59211 DEBUG [2017-12-20 11:10:25]  {conn-10003} closed
59212 DEBUG [2017-12-20 11:10:25]  {conn-10004} closed
59212 DEBUG [2017-12-20 11:10:25]  {conn-10005} closed
59213 INFO  [2017-12-20 11:10:25]  {dataSource-1} closed
60582 DEBUG [2017-12-20 11:10:26]  {conn-110001} connected
60583 DEBUG [2017-12-20 11:10:26]  {conn-110001, stmt-120000} created
60614 DEBUG [2017-12-20 11:10:26]  {conn-110001, stmt-120000, rs-150000} query executed. 31.512473 millis. 
SELECT 1 FROM DUAL
60614 DEBUG [2017-12-20 11:10:26]  {conn-110001, stmt-120000, rs-150000} open
60615 DEBUG [2017-12-20 11:10:26]  {conn-110001, stmt-120000, rs-150000} Header: [1]
60615 DEBUG [2017-12-20 11:10:26]  {conn-110001, stmt-120000, rs-150000} closed
60615 DEBUG [2017-12-20 11:10:26]  {conn-110001, stmt-120000} closed
60966 DEBUG [2017-12-20 11:10:27]  {conn-110002} connected
60966 DEBUG [2017-12-20 11:10:27]  {conn-110002, stmt-120001} created
61001 DEBUG [2017-12-20 11:10:27]  {conn-110002, stmt-120001, rs-150001} query executed. 34.304044 millis. 
SELECT 1 FROM DUAL
61001 DEBUG [2017-12-20 11:10:27]  {conn-110002, stmt-120001, rs-150001} open
61001 DEBUG [2017-12-20 11:10:27]  {conn-110002, stmt-120001, rs-150001} Header: [1]
61002 DEBUG [2017-12-20 11:10:27]  {conn-110002, stmt-120001, rs-150001} closed
61002 DEBUG [2017-12-20 11:10:27]  {conn-110002, stmt-120001} closed
61316 DEBUG [2017-12-20 11:10:27]  {conn-110003} connected
61317 DEBUG [2017-12-20 11:10:27]  {conn-110003, stmt-120002} created
61347 DEBUG [2017-12-20 11:10:27]  {conn-110003, stmt-120002, rs-150002} query executed. 30.297383 millis. 
SELECT 1 FROM DUAL
61347 DEBUG [2017-12-20 11:10:27]  {conn-110003, stmt-120002, rs-150002} open
61347 DEBUG [2017-12-20 11:10:27]  {conn-110003, stmt-120002, rs-150002} Header: [1]
61348 DEBUG [2017-12-20 11:10:27]  {conn-110003, stmt-120002, rs-150002} closed
61348 DEBUG [2017-12-20 11:10:27]  {conn-110003, stmt-120002} closed
61653 DEBUG [2017-12-20 11:10:27]  {conn-110004} connected
61653 DEBUG [2017-12-20 11:10:27]  {conn-110004, stmt-120003} created
61683 DEBUG [2017-12-20 11:10:27]  {conn-110004, stmt-120003, rs-150003} query executed. 29.87181 millis. 
SELECT 1 FROM DUAL
61684 DEBUG [2017-12-20 11:10:27]  {conn-110004, stmt-120003, rs-150003} open
61684 DEBUG [2017-12-20 11:10:27]  {conn-110004, stmt-120003, rs-150003} Header: [1]
61684 DEBUG [2017-12-20 11:10:27]  {conn-110004, stmt-120003, rs-150003} closed
61685 DEBUG [2017-12-20 11:10:27]  {conn-110004, stmt-120003} closed
61988 DEBUG [2017-12-20 11:10:28]  {conn-110005} connected
61988 DEBUG [2017-12-20 11:10:28]  {conn-110005, stmt-120004} created
62019 DEBUG [2017-12-20 11:10:28]  {conn-110005, stmt-120004, rs-150004} query executed. 31.461419 millis. 
SELECT 1 FROM DUAL
62020 DEBUG [2017-12-20 11:10:28]  {conn-110005, stmt-120004, rs-150004} open
62020 DEBUG [2017-12-20 11:10:28]  {conn-110005, stmt-120004, rs-150004} Header: [1]
62020 DEBUG [2017-12-20 11:10:28]  {conn-110005, stmt-120004, rs-150004} closed
62020 DEBUG [2017-12-20 11:10:28]  {conn-110005, stmt-120004} closed
62081 INFO  [2017-12-20 11:10:28]  {dataSource-2} inited
62148 DEBUG [2017-12-20 11:10:28]  {conn-110005} pool-connect
62149 DEBUG [2017-12-20 11:10:28]  {conn-110005} pool-recycle
72196 DEBUG [2017-12-20 11:10:38]  {conn-110001} closed
72197 DEBUG [2017-12-20 11:10:38]  {conn-110002} closed
72197 DEBUG [2017-12-20 11:10:38]  {conn-110003} closed
72198 DEBUG [2017-12-20 11:10:38]  {conn-110004} closed
72199 DEBUG [2017-12-20 11:10:38]  {conn-110005} closed
72199 INFO  [2017-12-20 11:10:38]  {dataSource-2} closed
73587 DEBUG [2017-12-20 11:10:39]  {conn-210001} connected
73587 DEBUG [2017-12-20 11:10:39]  {conn-210001, stmt-220000} created
73617 DEBUG [2017-12-20 11:10:39]  {conn-210001, stmt-220000, rs-250000} query executed. 29.658112 millis. 
SELECT 1 FROM DUAL
73617 DEBUG [2017-12-20 11:10:39]  {conn-210001, stmt-220000, rs-250000} open
73617 DEBUG [2017-12-20 11:10:39]  {conn-210001, stmt-220000, rs-250000} Header: [1]
73617 DEBUG [2017-12-20 11:10:39]  {conn-210001, stmt-220000, rs-250000} closed
73617 DEBUG [2017-12-20 11:10:39]  {conn-210001, stmt-220000} closed
73913 DEBUG [2017-12-20 11:10:39]  {conn-210002} connected
73913 DEBUG [2017-12-20 11:10:39]  {conn-210002, stmt-220001} created
73943 DEBUG [2017-12-20 11:10:39]  {conn-210002, stmt-220001, rs-250001} query executed. 29.694579 millis. 
SELECT 1 FROM DUAL
73943 DEBUG [2017-12-20 11:10:39]  {conn-210002, stmt-220001, rs-250001} open
73943 DEBUG [2017-12-20 11:10:39]  {conn-210002, stmt-220001, rs-250001} Header: [1]
73944 DEBUG [2017-12-20 11:10:39]  {conn-210002, stmt-220001, rs-250001} closed
73945 DEBUG [2017-12-20 11:10:39]  {conn-210002, stmt-220001} closed
74245 DEBUG [2017-12-20 11:10:40]  {conn-210003} connected
74246 DEBUG [2017-12-20 11:10:40]  {conn-210003, stmt-220002} created
74276 DEBUG [2017-12-20 11:10:40]  {conn-210003, stmt-220002, rs-250002} query executed. 30.187982 millis. 
SELECT 1 FROM DUAL
74277 DEBUG [2017-12-20 11:10:40]  {conn-210003, stmt-220002, rs-250002} open
74277 DEBUG [2017-12-20 11:10:40]  {conn-210003, stmt-220002, rs-250002} Header: [1]
74277 DEBUG [2017-12-20 11:10:40]  {conn-210003, stmt-220002, rs-250002} closed
74278 DEBUG [2017-12-20 11:10:40]  {conn-210003, stmt-220002} closed
74592 DEBUG [2017-12-20 11:10:40]  {conn-210004} connected
74593 DEBUG [2017-12-20 11:10:40]  {conn-210004, stmt-220003} created
74624 DEBUG [2017-12-20 11:10:40]  {conn-210004, stmt-220003, rs-250003} query executed. 31.0869 millis. 
SELECT 1 FROM DUAL
74624 DEBUG [2017-12-20 11:10:40]  {conn-210004, stmt-220003, rs-250003} open
74624 DEBUG [2017-12-20 11:10:40]  {conn-210004, stmt-220003, rs-250003} Header: [1]
74624 DEBUG [2017-12-20 11:10:40]  {conn-210004, stmt-220003, rs-250003} closed
74624 DEBUG [2017-12-20 11:10:40]  {conn-210004, stmt-220003} closed
74932 DEBUG [2017-12-20 11:10:40]  {conn-210005} connected
74932 DEBUG [2017-12-20 11:10:40]  {conn-210005, stmt-220004} created
74964 DEBUG [2017-12-20 11:10:41]  {conn-210005, stmt-220004, rs-250004} query executed. 31.724348 millis. 
SELECT 1 FROM DUAL
74964 DEBUG [2017-12-20 11:10:41]  {conn-210005, stmt-220004, rs-250004} open
74965 DEBUG [2017-12-20 11:10:41]  {conn-210005, stmt-220004, rs-250004} Header: [1]
74965 DEBUG [2017-12-20 11:10:41]  {conn-210005, stmt-220004, rs-250004} closed
74965 DEBUG [2017-12-20 11:10:41]  {conn-210005, stmt-220004} closed
75028 INFO  [2017-12-20 11:10:41]  {dataSource-3} inited
75082 DEBUG [2017-12-20 11:10:41]  {conn-210005} pool-connect
75083 DEBUG [2017-12-20 11:10:41]  {conn-210005} pool-recycle
83054 DEBUG [2017-12-20 11:10:49]  {conn-210001} closed
83056 DEBUG [2017-12-20 11:10:49]  {conn-210002} closed
83058 DEBUG [2017-12-20 11:10:49]  {conn-210003} closed
83059 DEBUG [2017-12-20 11:10:49]  {conn-210004} closed
83060 DEBUG [2017-12-20 11:10:49]  {conn-210005} closed
83061 INFO  [2017-12-20 11:10:49]  {dataSource-3} closed
84351 DEBUG [2017-12-20 11:10:50]  {conn-310001} connected
84351 DEBUG [2017-12-20 11:10:50]  {conn-310001, stmt-320000} created
84381 DEBUG [2017-12-20 11:10:50]  {conn-310001, stmt-320000, rs-350000} query executed. 30.241224 millis. 
SELECT 1 FROM DUAL
84381 DEBUG [2017-12-20 11:10:50]  {conn-310001, stmt-320000, rs-350000} open
84382 DEBUG [2017-12-20 11:10:50]  {conn-310001, stmt-320000, rs-350000} Header: [1]
84382 DEBUG [2017-12-20 11:10:50]  {conn-310001, stmt-320000, rs-350000} closed
84382 DEBUG [2017-12-20 11:10:50]  {conn-310001, stmt-320000} closed
84683 DEBUG [2017-12-20 11:10:50]  {conn-310002} connected
84683 DEBUG [2017-12-20 11:10:50]  {conn-310002, stmt-320001} created
84713 DEBUG [2017-12-20 11:10:50]  {conn-310002, stmt-320001, rs-350001} query executed. 29.617268 millis. 
SELECT 1 FROM DUAL
84713 DEBUG [2017-12-20 11:10:50]  {conn-310002, stmt-320001, rs-350001} open
84713 DEBUG [2017-12-20 11:10:50]  {conn-310002, stmt-320001, rs-350001} Header: [1]
84714 DEBUG [2017-12-20 11:10:50]  {conn-310002, stmt-320001, rs-350001} closed
84714 DEBUG [2017-12-20 11:10:50]  {conn-310002, stmt-320001} closed
85019 DEBUG [2017-12-20 11:10:51]  {conn-310003} connected
85019 DEBUG [2017-12-20 11:10:51]  {conn-310003, stmt-320002} created
85048 DEBUG [2017-12-20 11:10:51]  {conn-310003, stmt-320002, rs-350002} query executed. 29.35361 millis. 
SELECT 1 FROM DUAL
85049 DEBUG [2017-12-20 11:10:51]  {conn-310003, stmt-320002, rs-350002} open
85049 DEBUG [2017-12-20 11:10:51]  {conn-310003, stmt-320002, rs-350002} Header: [1]
85049 DEBUG [2017-12-20 11:10:51]  {conn-310003, stmt-320002, rs-350002} closed
85049 DEBUG [2017-12-20 11:10:51]  {conn-310003, stmt-320002} closed
85365 DEBUG [2017-12-20 11:10:51]  {conn-310004} connected
85365 DEBUG [2017-12-20 11:10:51]  {conn-310004, stmt-320003} created
85398 DEBUG [2017-12-20 11:10:51]  {conn-310004, stmt-320003, rs-350003} query executed. 32.392429 millis. 
SELECT 1 FROM DUAL
85398 DEBUG [2017-12-20 11:10:51]  {conn-310004, stmt-320003, rs-350003} open
85398 DEBUG [2017-12-20 11:10:51]  {conn-310004, stmt-320003, rs-350003} Header: [1]
85399 DEBUG [2017-12-20 11:10:51]  {conn-310004, stmt-320003, rs-350003} closed
85399 DEBUG [2017-12-20 11:10:51]  {conn-310004, stmt-320003} closed
85725 DEBUG [2017-12-20 11:10:51]  {conn-310005} connected
85725 DEBUG [2017-12-20 11:10:51]  {conn-310005, stmt-320004} created
85756 DEBUG [2017-12-20 11:10:51]  {conn-310005, stmt-320004, rs-350004} query executed. 30.784951 millis. 
SELECT 1 FROM DUAL
85756 DEBUG [2017-12-20 11:10:51]  {conn-310005, stmt-320004, rs-350004} open
85757 DEBUG [2017-12-20 11:10:51]  {conn-310005, stmt-320004, rs-350004} Header: [1]
85757 DEBUG [2017-12-20 11:10:51]  {conn-310005, stmt-320004, rs-350004} closed
85757 DEBUG [2017-12-20 11:10:51]  {conn-310005, stmt-320004} closed
85820 INFO  [2017-12-20 11:10:51]  {dataSource-4} inited
85911 DEBUG [2017-12-20 11:10:51]  {conn-310005} pool-connect
85912 DEBUG [2017-12-20 11:10:51]  {conn-310005} pool-recycle
154656 DEBUG [2017-12-20 11:12:00]  {conn-310001} closed
154658 DEBUG [2017-12-20 11:12:00]  {conn-310002} closed
154660 DEBUG [2017-12-20 11:12:00]  {conn-310003} closed
154661 DEBUG [2017-12-20 11:12:00]  {conn-310004} closed
154662 DEBUG [2017-12-20 11:12:00]  {conn-310005} closed
154663 INFO  [2017-12-20 11:12:00]  {dataSource-4} closed
155923 DEBUG [2017-12-20 11:12:01]  {conn-410001} connected
155923 DEBUG [2017-12-20 11:12:01]  {conn-410001, stmt-420000} created
155954 DEBUG [2017-12-20 11:12:02]  {conn-410001, stmt-420000, rs-450000} query executed. 30.759059 millis. 
SELECT 1 FROM DUAL
155954 DEBUG [2017-12-20 11:12:02]  {conn-410001, stmt-420000, rs-450000} open
155954 DEBUG [2017-12-20 11:12:02]  {conn-410001, stmt-420000, rs-450000} Header: [1]
155955 DEBUG [2017-12-20 11:12:02]  {conn-410001, stmt-420000, rs-450000} closed
155955 DEBUG [2017-12-20 11:12:02]  {conn-410001, stmt-420000} closed
156276 DEBUG [2017-12-20 11:12:02]  {conn-410002} connected
156276 DEBUG [2017-12-20 11:12:02]  {conn-410002, stmt-420001} created
156308 DEBUG [2017-12-20 11:12:02]  {conn-410002, stmt-420001, rs-450001} query executed. 31.618229 millis. 
SELECT 1 FROM DUAL
156308 DEBUG [2017-12-20 11:12:02]  {conn-410002, stmt-420001, rs-450001} open
156308 DEBUG [2017-12-20 11:12:02]  {conn-410002, stmt-420001, rs-450001} Header: [1]
156309 DEBUG [2017-12-20 11:12:02]  {conn-410002, stmt-420001, rs-450001} closed
156309 DEBUG [2017-12-20 11:12:02]  {conn-410002, stmt-420001} closed
156622 DEBUG [2017-12-20 11:12:02]  {conn-410003} connected
156622 DEBUG [2017-12-20 11:12:02]  {conn-410003, stmt-420002} created
156651 DEBUG [2017-12-20 11:12:02]  {conn-410003, stmt-420002, rs-450002} query executed. 29.640972 millis. 
SELECT 1 FROM DUAL
156652 DEBUG [2017-12-20 11:12:02]  {conn-410003, stmt-420002, rs-450002} open
156652 DEBUG [2017-12-20 11:12:02]  {conn-410003, stmt-420002, rs-450002} Header: [1]
156652 DEBUG [2017-12-20 11:12:02]  {conn-410003, stmt-420002, rs-450002} closed
156653 DEBUG [2017-12-20 11:12:02]  {conn-410003, stmt-420002} closed
156963 DEBUG [2017-12-20 11:12:03]  {conn-410004} connected
156964 DEBUG [2017-12-20 11:12:03]  {conn-410004, stmt-420003} created
156998 DEBUG [2017-12-20 11:12:03]  {conn-410004, stmt-420003, rs-450003} query executed. 33.988601 millis. 
SELECT 1 FROM DUAL
156998 DEBUG [2017-12-20 11:12:03]  {conn-410004, stmt-420003, rs-450003} open
156999 DEBUG [2017-12-20 11:12:03]  {conn-410004, stmt-420003, rs-450003} Header: [1]
156999 DEBUG [2017-12-20 11:12:03]  {conn-410004, stmt-420003, rs-450003} closed
156999 DEBUG [2017-12-20 11:12:03]  {conn-410004, stmt-420003} closed
157377 DEBUG [2017-12-20 11:12:03]  {conn-410005} connected
157378 DEBUG [2017-12-20 11:12:03]  {conn-410005, stmt-420004} created
157416 DEBUG [2017-12-20 11:12:03]  {conn-410005, stmt-420004, rs-450004} query executed. 38.094454 millis. 
SELECT 1 FROM DUAL
157417 DEBUG [2017-12-20 11:12:03]  {conn-410005, stmt-420004, rs-450004} open
157417 DEBUG [2017-12-20 11:12:03]  {conn-410005, stmt-420004, rs-450004} Header: [1]
157417 DEBUG [2017-12-20 11:12:03]  {conn-410005, stmt-420004, rs-450004} closed
157417 DEBUG [2017-12-20 11:12:03]  {conn-410005, stmt-420004} closed
157484 INFO  [2017-12-20 11:12:03]  {dataSource-5} inited
157568 DEBUG [2017-12-20 11:12:03]  {conn-410005} pool-connect
157568 DEBUG [2017-12-20 11:12:03]  {conn-410005} pool-recycle
193299 DEBUG [2017-12-20 11:12:39]  {conn-410001} closed
193299 DEBUG [2017-12-20 11:12:39]  {conn-410002} closed
193300 DEBUG [2017-12-20 11:12:39]  {conn-410003} closed
193300 DEBUG [2017-12-20 11:12:39]  {conn-410004} closed
193300 DEBUG [2017-12-20 11:12:39]  {conn-410005} closed
193301 INFO  [2017-12-20 11:12:39]  {dataSource-5} closed
194398 DEBUG [2017-12-20 11:12:40]  {conn-510001} connected
194398 DEBUG [2017-12-20 11:12:40]  {conn-510001, stmt-520000} created
194430 DEBUG [2017-12-20 11:12:40]  {conn-510001, stmt-520000, rs-550000} query executed. 31.196667 millis. 
SELECT 1 FROM DUAL
194430 DEBUG [2017-12-20 11:12:40]  {conn-510001, stmt-520000, rs-550000} open
194430 DEBUG [2017-12-20 11:12:40]  {conn-510001, stmt-520000, rs-550000} Header: [1]
194430 DEBUG [2017-12-20 11:12:40]  {conn-510001, stmt-520000, rs-550000} closed
194431 DEBUG [2017-12-20 11:12:40]  {conn-510001, stmt-520000} closed
194727 DEBUG [2017-12-20 11:12:40]  {conn-510002} connected
194728 DEBUG [2017-12-20 11:12:40]  {conn-510002, stmt-520001} created
194757 DEBUG [2017-12-20 11:12:40]  {conn-510002, stmt-520001, rs-550001} query executed. 28.858749 millis. 
SELECT 1 FROM DUAL
194757 DEBUG [2017-12-20 11:12:40]  {conn-510002, stmt-520001, rs-550001} open
194757 DEBUG [2017-12-20 11:12:40]  {conn-510002, stmt-520001, rs-550001} Header: [1]
194758 DEBUG [2017-12-20 11:12:40]  {conn-510002, stmt-520001, rs-550001} closed
194758 DEBUG [2017-12-20 11:12:40]  {conn-510002, stmt-520001} closed
195077 DEBUG [2017-12-20 11:12:41]  {conn-510003} connected
195078 DEBUG [2017-12-20 11:12:41]  {conn-510003, stmt-520002} created
195108 DEBUG [2017-12-20 11:12:41]  {conn-510003, stmt-520002, rs-550002} query executed. 30.427571 millis. 
SELECT 1 FROM DUAL
195108 DEBUG [2017-12-20 11:12:41]  {conn-510003, stmt-520002, rs-550002} open
195108 DEBUG [2017-12-20 11:12:41]  {conn-510003, stmt-520002, rs-550002} Header: [1]
195109 DEBUG [2017-12-20 11:12:41]  {conn-510003, stmt-520002, rs-550002} closed
195109 DEBUG [2017-12-20 11:12:41]  {conn-510003, stmt-520002} closed
195422 DEBUG [2017-12-20 11:12:41]  {conn-510004} connected
195422 DEBUG [2017-12-20 11:12:41]  {conn-510004, stmt-520003} created
195453 DEBUG [2017-12-20 11:12:41]  {conn-510004, stmt-520003, rs-550003} query executed. 30.449452 millis. 
SELECT 1 FROM DUAL
195453 DEBUG [2017-12-20 11:12:41]  {conn-510004, stmt-520003, rs-550003} open
195453 DEBUG [2017-12-20 11:12:41]  {conn-510004, stmt-520003, rs-550003} Header: [1]
195453 DEBUG [2017-12-20 11:12:41]  {conn-510004, stmt-520003, rs-550003} closed
195453 DEBUG [2017-12-20 11:12:41]  {conn-510004, stmt-520003} closed
195757 DEBUG [2017-12-20 11:12:41]  {conn-510005} connected
195758 DEBUG [2017-12-20 11:12:41]  {conn-510005, stmt-520004} created
195788 DEBUG [2017-12-20 11:12:41]  {conn-510005, stmt-520004, rs-550004} query executed. 30.270397 millis. 
SELECT 1 FROM DUAL
195788 DEBUG [2017-12-20 11:12:41]  {conn-510005, stmt-520004, rs-550004} open
195788 DEBUG [2017-12-20 11:12:41]  {conn-510005, stmt-520004, rs-550004} Header: [1]
195788 DEBUG [2017-12-20 11:12:41]  {conn-510005, stmt-520004, rs-550004} closed
195788 DEBUG [2017-12-20 11:12:41]  {conn-510005, stmt-520004} closed
195851 INFO  [2017-12-20 11:12:41]  {dataSource-6} inited
195908 DEBUG [2017-12-20 11:12:41]  {conn-510005} pool-connect
195908 DEBUG [2017-12-20 11:12:41]  {conn-510005} pool-recycle
236755 DEBUG [2017-12-20 11:13:22]  {conn-510001} closed
236757 DEBUG [2017-12-20 11:13:22]  {conn-510002} closed
236759 DEBUG [2017-12-20 11:13:22]  {conn-510003} closed
236760 DEBUG [2017-12-20 11:13:22]  {conn-510004} closed
236761 DEBUG [2017-12-20 11:13:22]  {conn-510005} closed
236762 INFO  [2017-12-20 11:13:22]  {dataSource-6} closed
237867 DEBUG [2017-12-20 11:13:23]  {conn-610001} connected
237867 DEBUG [2017-12-20 11:13:23]  {conn-610001, stmt-620000} created
237897 DEBUG [2017-12-20 11:13:23]  {conn-610001, stmt-620000, rs-650000} query executed. 29.786112 millis. 
SELECT 1 FROM DUAL
237897 DEBUG [2017-12-20 11:13:23]  {conn-610001, stmt-620000, rs-650000} open
237897 DEBUG [2017-12-20 11:13:23]  {conn-610001, stmt-620000, rs-650000} Header: [1]
237897 DEBUG [2017-12-20 11:13:23]  {conn-610001, stmt-620000, rs-650000} closed
237897 DEBUG [2017-12-20 11:13:23]  {conn-610001, stmt-620000} closed
238202 DEBUG [2017-12-20 11:13:24]  {conn-610002} connected
238202 DEBUG [2017-12-20 11:13:24]  {conn-610002, stmt-620001} created
238231 DEBUG [2017-12-20 11:13:24]  {conn-610002, stmt-620001, rs-650001} query executed. 29.463741 millis. 
SELECT 1 FROM DUAL
238231 DEBUG [2017-12-20 11:13:24]  {conn-610002, stmt-620001, rs-650001} open
238231 DEBUG [2017-12-20 11:13:24]  {conn-610002, stmt-620001, rs-650001} Header: [1]
238232 DEBUG [2017-12-20 11:13:24]  {conn-610002, stmt-620001, rs-650001} closed
238232 DEBUG [2017-12-20 11:13:24]  {conn-610002, stmt-620001} closed
238529 DEBUG [2017-12-20 11:13:24]  {conn-610003} connected
238530 DEBUG [2017-12-20 11:13:24]  {conn-610003, stmt-620002} created
238560 DEBUG [2017-12-20 11:13:24]  {conn-610003, stmt-620002, rs-650002} query executed. 30.504518 millis. 
SELECT 1 FROM DUAL
238560 DEBUG [2017-12-20 11:13:24]  {conn-610003, stmt-620002, rs-650002} open
238560 DEBUG [2017-12-20 11:13:24]  {conn-610003, stmt-620002, rs-650002} Header: [1]
238560 DEBUG [2017-12-20 11:13:24]  {conn-610003, stmt-620002, rs-650002} closed
238560 DEBUG [2017-12-20 11:13:24]  {conn-610003, stmt-620002} closed
238874 DEBUG [2017-12-20 11:13:24]  {conn-610004} connected
238874 DEBUG [2017-12-20 11:13:24]  {conn-610004, stmt-620003} created
238906 DEBUG [2017-12-20 11:13:24]  {conn-610004, stmt-620003, rs-650003} query executed. 31.763733 millis. 
SELECT 1 FROM DUAL
238907 DEBUG [2017-12-20 11:13:24]  {conn-610004, stmt-620003, rs-650003} open
238907 DEBUG [2017-12-20 11:13:24]  {conn-610004, stmt-620003, rs-650003} Header: [1]
238907 DEBUG [2017-12-20 11:13:24]  {conn-610004, stmt-620003, rs-650003} closed
238907 DEBUG [2017-12-20 11:13:24]  {conn-610004, stmt-620003} closed
239233 DEBUG [2017-12-20 11:13:25]  {conn-610005} connected
239233 DEBUG [2017-12-20 11:13:25]  {conn-610005, stmt-620004} created
239270 DEBUG [2017-12-20 11:13:25]  {conn-610005, stmt-620004, rs-650004} query executed. 37.576618 millis. 
SELECT 1 FROM DUAL
239271 DEBUG [2017-12-20 11:13:25]  {conn-610005, stmt-620004, rs-650004} open
239271 DEBUG [2017-12-20 11:13:25]  {conn-610005, stmt-620004, rs-650004} Header: [1]
239271 DEBUG [2017-12-20 11:13:25]  {conn-610005, stmt-620004, rs-650004} closed
239271 DEBUG [2017-12-20 11:13:25]  {conn-610005, stmt-620004} closed
239335 INFO  [2017-12-20 11:13:25]  {dataSource-7} inited
239375 DEBUG [2017-12-20 11:13:25]  {conn-610005} pool-connect
239375 DEBUG [2017-12-20 11:13:25]  {conn-610005} pool-recycle
248200 DEBUG [2017-12-20 11:13:34]  {conn-610001} closed
248201 DEBUG [2017-12-20 11:13:34]  {conn-610002} closed
248202 DEBUG [2017-12-20 11:13:34]  {conn-610003} closed
248203 DEBUG [2017-12-20 11:13:34]  {conn-610004} closed
248203 DEBUG [2017-12-20 11:13:34]  {conn-610005} closed
248203 INFO  [2017-12-20 11:13:34]  {dataSource-7} closed
249332 DEBUG [2017-12-20 11:13:35]  {conn-710001} connected
249332 DEBUG [2017-12-20 11:13:35]  {conn-710001, stmt-720000} created
249364 DEBUG [2017-12-20 11:13:35]  {conn-710001, stmt-720000, rs-750000} query executed. 31.489499 millis. 
SELECT 1 FROM DUAL
249364 DEBUG [2017-12-20 11:13:35]  {conn-710001, stmt-720000, rs-750000} open
249364 DEBUG [2017-12-20 11:13:35]  {conn-710001, stmt-720000, rs-750000} Header: [1]
249364 DEBUG [2017-12-20 11:13:35]  {conn-710001, stmt-720000, rs-750000} closed
249364 DEBUG [2017-12-20 11:13:35]  {conn-710001, stmt-720000} closed
249703 DEBUG [2017-12-20 11:13:35]  {conn-710002} connected
249704 DEBUG [2017-12-20 11:13:35]  {conn-710002, stmt-720001} created
249736 DEBUG [2017-12-20 11:13:35]  {conn-710002, stmt-720001, rs-750001} query executed. 31.420211 millis. 
SELECT 1 FROM DUAL
249736 DEBUG [2017-12-20 11:13:35]  {conn-710002, stmt-720001, rs-750001} open
249736 DEBUG [2017-12-20 11:13:35]  {conn-710002, stmt-720001, rs-750001} Header: [1]
249736 DEBUG [2017-12-20 11:13:35]  {conn-710002, stmt-720001, rs-750001} closed
249736 DEBUG [2017-12-20 11:13:35]  {conn-710002, stmt-720001} closed
250058 DEBUG [2017-12-20 11:13:36]  {conn-710003} connected
250058 DEBUG [2017-12-20 11:13:36]  {conn-710003, stmt-720002} created
250090 DEBUG [2017-12-20 11:13:36]  {conn-710003, stmt-720002, rs-750002} query executed. 31.698821 millis. 
SELECT 1 FROM DUAL
250090 DEBUG [2017-12-20 11:13:36]  {conn-710003, stmt-720002, rs-750002} open
250090 DEBUG [2017-12-20 11:13:36]  {conn-710003, stmt-720002, rs-750002} Header: [1]
250091 DEBUG [2017-12-20 11:13:36]  {conn-710003, stmt-720002, rs-750002} closed
250091 DEBUG [2017-12-20 11:13:36]  {conn-710003, stmt-720002} closed
250401 DEBUG [2017-12-20 11:13:36]  {conn-710004} connected
250401 DEBUG [2017-12-20 11:13:36]  {conn-710004, stmt-720003} created
250436 DEBUG [2017-12-20 11:13:36]  {conn-710004, stmt-720003, rs-750003} query executed. 34.95535 millis. 
SELECT 1 FROM DUAL
250436 DEBUG [2017-12-20 11:13:36]  {conn-710004, stmt-720003, rs-750003} open
250436 DEBUG [2017-12-20 11:13:36]  {conn-710004, stmt-720003, rs-750003} Header: [1]
250436 DEBUG [2017-12-20 11:13:36]  {conn-710004, stmt-720003, rs-750003} closed
250436 DEBUG [2017-12-20 11:13:36]  {conn-710004, stmt-720003} closed
250792 DEBUG [2017-12-20 11:13:36]  {conn-710005} connected
250792 DEBUG [2017-12-20 11:13:36]  {conn-710005, stmt-720004} created
250825 DEBUG [2017-12-20 11:13:36]  {conn-710005, stmt-720004, rs-750004} query executed. 32.923393 millis. 
SELECT 1 FROM DUAL
250825 DEBUG [2017-12-20 11:13:36]  {conn-710005, stmt-720004, rs-750004} open
250825 DEBUG [2017-12-20 11:13:36]  {conn-710005, stmt-720004, rs-750004} Header: [1]
250825 DEBUG [2017-12-20 11:13:36]  {conn-710005, stmt-720004, rs-750004} closed
250825 DEBUG [2017-12-20 11:13:36]  {conn-710005, stmt-720004} closed
250889 INFO  [2017-12-20 11:13:36]  {dataSource-8} inited
250959 DEBUG [2017-12-20 11:13:37]  {conn-710005} pool-connect
250959 DEBUG [2017-12-20 11:13:37]  {conn-710005} pool-recycle
256825 DEBUG [2017-12-20 11:13:42]  {conn-710001} closed
256825 DEBUG [2017-12-20 11:13:42]  {conn-710002} closed
256826 DEBUG [2017-12-20 11:13:42]  {conn-710003} closed
256826 DEBUG [2017-12-20 11:13:42]  {conn-710004} closed
256827 DEBUG [2017-12-20 11:13:42]  {conn-710005} closed
256827 INFO  [2017-12-20 11:13:42]  {dataSource-8} closed
257998 DEBUG [2017-12-20 11:13:44]  {conn-810001} connected
257999 DEBUG [2017-12-20 11:13:44]  {conn-810001, stmt-820000} created
258029 DEBUG [2017-12-20 11:13:44]  {conn-810001, stmt-820000, rs-850000} query executed. 30.37433 millis. 
SELECT 1 FROM DUAL
258029 DEBUG [2017-12-20 11:13:44]  {conn-810001, stmt-820000, rs-850000} open
258029 DEBUG [2017-12-20 11:13:44]  {conn-810001, stmt-820000, rs-850000} Header: [1]
258030 DEBUG [2017-12-20 11:13:44]  {conn-810001, stmt-820000, rs-850000} closed
258030 DEBUG [2017-12-20 11:13:44]  {conn-810001, stmt-820000} closed
258344 DEBUG [2017-12-20 11:13:44]  {conn-810002} connected
258345 DEBUG [2017-12-20 11:13:44]  {conn-810002, stmt-820001} created
258376 DEBUG [2017-12-20 11:13:44]  {conn-810002, stmt-820001, rs-850001} query executed. 31.98983 millis. 
SELECT 1 FROM DUAL
258377 DEBUG [2017-12-20 11:13:44]  {conn-810002, stmt-820001, rs-850001} open
258377 DEBUG [2017-12-20 11:13:44]  {conn-810002, stmt-820001, rs-850001} Header: [1]
258377 DEBUG [2017-12-20 11:13:44]  {conn-810002, stmt-820001, rs-850001} closed
258377 DEBUG [2017-12-20 11:13:44]  {conn-810002, stmt-820001} closed
258690 DEBUG [2017-12-20 11:13:44]  {conn-810003} connected
258691 DEBUG [2017-12-20 11:13:44]  {conn-810003, stmt-820002} created
258724 DEBUG [2017-12-20 11:13:44]  {conn-810003, stmt-820002, rs-850002} query executed. 33.080566 millis. 
SELECT 1 FROM DUAL
258724 DEBUG [2017-12-20 11:13:44]  {conn-810003, stmt-820002, rs-850002} open
258724 DEBUG [2017-12-20 11:13:44]  {conn-810003, stmt-820002, rs-850002} Header: [1]
258725 DEBUG [2017-12-20 11:13:44]  {conn-810003, stmt-820002, rs-850002} closed
258725 DEBUG [2017-12-20 11:13:44]  {conn-810003, stmt-820002} closed
259063 DEBUG [2017-12-20 11:13:45]  {conn-810004} connected
259064 DEBUG [2017-12-20 11:13:45]  {conn-810004, stmt-820003} created
259094 DEBUG [2017-12-20 11:13:45]  {conn-810004, stmt-820003, rs-850003} query executed. 30.311241 millis. 
SELECT 1 FROM DUAL
259095 DEBUG [2017-12-20 11:13:45]  {conn-810004, stmt-820003, rs-850003} open
259095 DEBUG [2017-12-20 11:13:45]  {conn-810004, stmt-820003, rs-850003} Header: [1]
259095 DEBUG [2017-12-20 11:13:45]  {conn-810004, stmt-820003, rs-850003} closed
259095 DEBUG [2017-12-20 11:13:45]  {conn-810004, stmt-820003} closed
259418 DEBUG [2017-12-20 11:13:45]  {conn-810005} connected
259418 DEBUG [2017-12-20 11:13:45]  {conn-810005, stmt-820004} created
259451 DEBUG [2017-12-20 11:13:45]  {conn-810005, stmt-820004, rs-850004} query executed. 33.079108 millis. 
SELECT 1 FROM DUAL
259451 DEBUG [2017-12-20 11:13:45]  {conn-810005, stmt-820004, rs-850004} open
259452 DEBUG [2017-12-20 11:13:45]  {conn-810005, stmt-820004, rs-850004} Header: [1]
259452 DEBUG [2017-12-20 11:13:45]  {conn-810005, stmt-820004, rs-850004} closed
259452 DEBUG [2017-12-20 11:13:45]  {conn-810005, stmt-820004} closed
259515 INFO  [2017-12-20 11:13:45]  {dataSource-9} inited
259565 DEBUG [2017-12-20 11:13:45]  {conn-810005} pool-connect
259565 DEBUG [2017-12-20 11:13:45]  {conn-810005} pool-recycle
261232 DEBUG [2017-12-20 11:13:47]  {conn-810001} closed
261233 DEBUG [2017-12-20 11:13:47]  {conn-810002} closed
261234 DEBUG [2017-12-20 11:13:47]  {conn-810003} closed
261234 DEBUG [2017-12-20 11:13:47]  {conn-810004} closed
261235 DEBUG [2017-12-20 11:13:47]  {conn-810005} closed
261235 INFO  [2017-12-20 11:13:47]  {dataSource-9} closed
262284 DEBUG [2017-12-20 11:13:48]  {conn-910001} connected
262285 DEBUG [2017-12-20 11:13:48]  {conn-910001, stmt-920000} created
262318 DEBUG [2017-12-20 11:13:48]  {conn-910001, stmt-920000, rs-950000} query executed. 33.056862 millis. 
SELECT 1 FROM DUAL
262318 DEBUG [2017-12-20 11:13:48]  {conn-910001, stmt-920000, rs-950000} open
262318 DEBUG [2017-12-20 11:13:48]  {conn-910001, stmt-920000, rs-950000} Header: [1]
262318 DEBUG [2017-12-20 11:13:48]  {conn-910001, stmt-920000, rs-950000} closed
262318 DEBUG [2017-12-20 11:13:48]  {conn-910001, stmt-920000} closed
262630 DEBUG [2017-12-20 11:13:48]  {conn-910002} connected
262630 DEBUG [2017-12-20 11:13:48]  {conn-910002, stmt-920001} created
262661 DEBUG [2017-12-20 11:13:48]  {conn-910002, stmt-920001, rs-950001} query executed. 30.961088 millis. 
SELECT 1 FROM DUAL
262661 DEBUG [2017-12-20 11:13:48]  {conn-910002, stmt-920001, rs-950001} open
262661 DEBUG [2017-12-20 11:13:48]  {conn-910002, stmt-920001, rs-950001} Header: [1]
262661 DEBUG [2017-12-20 11:13:48]  {conn-910002, stmt-920001, rs-950001} closed
262662 DEBUG [2017-12-20 11:13:48]  {conn-910002, stmt-920001} closed
262986 DEBUG [2017-12-20 11:13:49]  {conn-910003} connected
262986 DEBUG [2017-12-20 11:13:49]  {conn-910003, stmt-920002} created
263018 DEBUG [2017-12-20 11:13:49]  {conn-910003, stmt-920002, rs-950002} query executed. 31.519767 millis. 
SELECT 1 FROM DUAL
263018 DEBUG [2017-12-20 11:13:49]  {conn-910003, stmt-920002, rs-950002} open
263018 DEBUG [2017-12-20 11:13:49]  {conn-910003, stmt-920002, rs-950002} Header: [1]
263018 DEBUG [2017-12-20 11:13:49]  {conn-910003, stmt-920002, rs-950002} closed
263018 DEBUG [2017-12-20 11:13:49]  {conn-910003, stmt-920002} closed
263353 DEBUG [2017-12-20 11:13:49]  {conn-910004} connected
263354 DEBUG [2017-12-20 11:13:49]  {conn-910004, stmt-920003} created
263386 DEBUG [2017-12-20 11:13:49]  {conn-910004, stmt-920003, rs-950003} query executed. 32.601751 millis. 
SELECT 1 FROM DUAL
263386 DEBUG [2017-12-20 11:13:49]  {conn-910004, stmt-920003, rs-950003} open
263387 DEBUG [2017-12-20 11:13:49]  {conn-910004, stmt-920003, rs-950003} Header: [1]
263387 DEBUG [2017-12-20 11:13:49]  {conn-910004, stmt-920003, rs-950003} closed
263387 DEBUG [2017-12-20 11:13:49]  {conn-910004, stmt-920003} closed
263700 DEBUG [2017-12-20 11:13:49]  {conn-910005} connected
263701 DEBUG [2017-12-20 11:13:49]  {conn-910005, stmt-920004} created
263735 DEBUG [2017-12-20 11:13:49]  {conn-910005, stmt-920004, rs-950004} query executed. 33.647997 millis. 
SELECT 1 FROM DUAL
263735 DEBUG [2017-12-20 11:13:49]  {conn-910005, stmt-920004, rs-950004} open
263735 DEBUG [2017-12-20 11:13:49]  {conn-910005, stmt-920004, rs-950004} Header: [1]
263736 DEBUG [2017-12-20 11:13:49]  {conn-910005, stmt-920004, rs-950004} closed
263736 DEBUG [2017-12-20 11:13:49]  {conn-910005, stmt-920004} closed
263818 INFO  [2017-12-20 11:13:49]  {dataSource-10} inited
263871 DEBUG [2017-12-20 11:13:49]  {conn-910005} pool-connect
263872 DEBUG [2017-12-20 11:13:49]  {conn-910005} pool-recycle
296430 DEBUG [2017-12-20 11:14:22]  {conn-910001} closed
296430 DEBUG [2017-12-20 11:14:22]  {conn-910002} closed
296431 DEBUG [2017-12-20 11:14:22]  {conn-910003} closed
296432 DEBUG [2017-12-20 11:14:22]  {conn-910004} closed
296433 DEBUG [2017-12-20 11:14:22]  {conn-910005} closed
296433 INFO  [2017-12-20 11:14:22]  {dataSource-10} closed
297584 DEBUG [2017-12-20 11:14:23]  {conn-1010001} connected
297585 DEBUG [2017-12-20 11:14:23]  {conn-1010001, stmt-1020000} created
297618 DEBUG [2017-12-20 11:14:23]  {conn-1010001, stmt-1020000, rs-1050000} query executed. 33.675712 millis. 
SELECT 1 FROM DUAL
297619 DEBUG [2017-12-20 11:14:23]  {conn-1010001, stmt-1020000, rs-1050000} open
297619 DEBUG [2017-12-20 11:14:23]  {conn-1010001, stmt-1020000, rs-1050000} Header: [1]
297619 DEBUG [2017-12-20 11:14:23]  {conn-1010001, stmt-1020000, rs-1050000} closed
297619 DEBUG [2017-12-20 11:14:23]  {conn-1010001, stmt-1020000} closed
297957 DEBUG [2017-12-20 11:14:24]  {conn-1010002} connected
297968 DEBUG [2017-12-20 11:14:24]  {conn-1010002, stmt-1020001} created
298002 DEBUG [2017-12-20 11:14:24]  {conn-1010002, stmt-1020001, rs-1050001} query executed. 34.033457 millis. 
SELECT 1 FROM DUAL
298002 DEBUG [2017-12-20 11:14:24]  {conn-1010002, stmt-1020001, rs-1050001} open
298002 DEBUG [2017-12-20 11:14:24]  {conn-1010002, stmt-1020001, rs-1050001} Header: [1]
298003 DEBUG [2017-12-20 11:14:24]  {conn-1010002, stmt-1020001, rs-1050001} closed
298003 DEBUG [2017-12-20 11:14:24]  {conn-1010002, stmt-1020001} closed
298456 DEBUG [2017-12-20 11:14:24]  {conn-1010003} connected
298456 DEBUG [2017-12-20 11:14:24]  {conn-1010003, stmt-1020002} created
298537 DEBUG [2017-12-20 11:14:24]  {conn-1010003, stmt-1020002, rs-1050002} query executed. 80.452296 millis. 
SELECT 1 FROM DUAL
298537 DEBUG [2017-12-20 11:14:24]  {conn-1010003, stmt-1020002, rs-1050002} open
298538 DEBUG [2017-12-20 11:14:24]  {conn-1010003, stmt-1020002, rs-1050002} Header: [1]
298538 DEBUG [2017-12-20 11:14:24]  {conn-1010003, stmt-1020002, rs-1050002} closed
298538 DEBUG [2017-12-20 11:14:24]  {conn-1010003, stmt-1020002} closed
298915 DEBUG [2017-12-20 11:14:24]  {conn-1010004} connected
298915 DEBUG [2017-12-20 11:14:24]  {conn-1010004, stmt-1020003} created
298945 DEBUG [2017-12-20 11:14:24]  {conn-1010004, stmt-1020003, rs-1050003} query executed. 30.009292 millis. 
SELECT 1 FROM DUAL
298945 DEBUG [2017-12-20 11:14:24]  {conn-1010004, stmt-1020003, rs-1050003} open
298945 DEBUG [2017-12-20 11:14:24]  {conn-1010004, stmt-1020003, rs-1050003} Header: [1]
298945 DEBUG [2017-12-20 11:14:24]  {conn-1010004, stmt-1020003, rs-1050003} closed
298946 DEBUG [2017-12-20 11:14:24]  {conn-1010004, stmt-1020003} closed
299559 DEBUG [2017-12-20 11:14:25]  {conn-1010005} connected
299559 DEBUG [2017-12-20 11:14:25]  {conn-1010005, stmt-1020004} created
299647 DEBUG [2017-12-20 11:14:25]  {conn-1010005, stmt-1020004, rs-1050004} query executed. 88.031656 millis. 
SELECT 1 FROM DUAL
299648 DEBUG [2017-12-20 11:14:25]  {conn-1010005, stmt-1020004, rs-1050004} open
299648 DEBUG [2017-12-20 11:14:25]  {conn-1010005, stmt-1020004, rs-1050004} Header: [1]
299648 DEBUG [2017-12-20 11:14:25]  {conn-1010005, stmt-1020004, rs-1050004} closed
299648 DEBUG [2017-12-20 11:14:25]  {conn-1010005, stmt-1020004} closed
299777 INFO  [2017-12-20 11:14:25]  {dataSource-11} inited
299847 DEBUG [2017-12-20 11:14:25]  {conn-1010005} pool-connect
299847 DEBUG [2017-12-20 11:14:25]  {conn-1010005} pool-recycle
301551 DEBUG [2017-12-20 11:14:27]  {conn-1010001} closed
301552 DEBUG [2017-12-20 11:14:27]  {conn-1010002} closed
301552 DEBUG [2017-12-20 11:14:27]  {conn-1010003} closed
301553 DEBUG [2017-12-20 11:14:27]  {conn-1010004} closed
301553 DEBUG [2017-12-20 11:14:27]  {conn-1010005} closed
301553 INFO  [2017-12-20 11:14:27]  {dataSource-11} closed
302752 DEBUG [2017-12-20 11:14:28]  {conn-1110001} connected
302752 DEBUG [2017-12-20 11:14:28]  {conn-1110001, stmt-1120000} created
302785 DEBUG [2017-12-20 11:14:28]  {conn-1110001, stmt-1120000, rs-1150000} query executed. 32.690731 millis. 
SELECT 1 FROM DUAL
302785 DEBUG [2017-12-20 11:14:28]  {conn-1110001, stmt-1120000, rs-1150000} open
302785 DEBUG [2017-12-20 11:14:28]  {conn-1110001, stmt-1120000, rs-1150000} Header: [1]
302786 DEBUG [2017-12-20 11:14:28]  {conn-1110001, stmt-1120000, rs-1150000} closed
302786 DEBUG [2017-12-20 11:14:28]  {conn-1110001, stmt-1120000} closed
303132 DEBUG [2017-12-20 11:14:29]  {conn-1110002} connected
303133 DEBUG [2017-12-20 11:14:29]  {conn-1110002, stmt-1120001} created
303172 DEBUG [2017-12-20 11:14:29]  {conn-1110002, stmt-1120001, rs-1150001} query executed. 39.389042 millis. 
SELECT 1 FROM DUAL
303172 DEBUG [2017-12-20 11:14:29]  {conn-1110002, stmt-1120001, rs-1150001} open
303172 DEBUG [2017-12-20 11:14:29]  {conn-1110002, stmt-1120001, rs-1150001} Header: [1]
303172 DEBUG [2017-12-20 11:14:29]  {conn-1110002, stmt-1120001, rs-1150001} closed
303172 DEBUG [2017-12-20 11:14:29]  {conn-1110002, stmt-1120001} closed
303486 DEBUG [2017-12-20 11:14:29]  {conn-1110003} connected
303486 DEBUG [2017-12-20 11:14:29]  {conn-1110003, stmt-1120002} created
303515 DEBUG [2017-12-20 11:14:29]  {conn-1110003, stmt-1120002, rs-1150002} query executed. 28.877347 millis. 
SELECT 1 FROM DUAL
303515 DEBUG [2017-12-20 11:14:29]  {conn-1110003, stmt-1120002, rs-1150002} open
303515 DEBUG [2017-12-20 11:14:29]  {conn-1110003, stmt-1120002, rs-1150002} Header: [1]
303516 DEBUG [2017-12-20 11:14:29]  {conn-1110003, stmt-1120002, rs-1150002} closed
303516 DEBUG [2017-12-20 11:14:29]  {conn-1110003, stmt-1120002} closed
303851 DEBUG [2017-12-20 11:14:29]  {conn-1110004} connected
303851 DEBUG [2017-12-20 11:14:29]  {conn-1110004, stmt-1120003} created
303890 DEBUG [2017-12-20 11:14:29]  {conn-1110004, stmt-1120003, rs-1150003} query executed. 38.958363 millis. 
SELECT 1 FROM DUAL
303890 DEBUG [2017-12-20 11:14:29]  {conn-1110004, stmt-1120003, rs-1150003} open
303890 DEBUG [2017-12-20 11:14:29]  {conn-1110004, stmt-1120003, rs-1150003} Header: [1]
303891 DEBUG [2017-12-20 11:14:29]  {conn-1110004, stmt-1120003, rs-1150003} closed
303891 DEBUG [2017-12-20 11:14:29]  {conn-1110004, stmt-1120003} closed
304220 DEBUG [2017-12-20 11:14:30]  {conn-1110005} connected
304220 DEBUG [2017-12-20 11:14:30]  {conn-1110005, stmt-1120004} created
304254 DEBUG [2017-12-20 11:14:30]  {conn-1110005, stmt-1120004, rs-1150004} query executed. 33.319792 millis. 
SELECT 1 FROM DUAL
304254 DEBUG [2017-12-20 11:14:30]  {conn-1110005, stmt-1120004, rs-1150004} open
304254 DEBUG [2017-12-20 11:14:30]  {conn-1110005, stmt-1120004, rs-1150004} Header: [1]
304255 DEBUG [2017-12-20 11:14:30]  {conn-1110005, stmt-1120004, rs-1150004} closed
304255 DEBUG [2017-12-20 11:14:30]  {conn-1110005, stmt-1120004} closed
304323 INFO  [2017-12-20 11:14:30]  {dataSource-12} inited
304361 DEBUG [2017-12-20 11:14:30]  {conn-1110005} pool-connect
304361 DEBUG [2017-12-20 11:14:30]  {conn-1110005} pool-recycle
307041 DEBUG [2017-12-20 11:14:33]  {conn-1110001} closed
307042 DEBUG [2017-12-20 11:14:33]  {conn-1110002} closed
307042 DEBUG [2017-12-20 11:14:33]  {conn-1110003} closed
307043 DEBUG [2017-12-20 11:14:33]  {conn-1110004} closed
307044 DEBUG [2017-12-20 11:14:33]  {conn-1110005} closed
307044 INFO  [2017-12-20 11:14:33]  {dataSource-12} closed
308201 DEBUG [2017-12-20 11:14:34]  {conn-1210001} connected
308201 DEBUG [2017-12-20 11:14:34]  {conn-1210001, stmt-1220000} created
308232 DEBUG [2017-12-20 11:14:34]  {conn-1210001, stmt-1220000, rs-1250000} query executed. 30.305771 millis. 
SELECT 1 FROM DUAL
308232 DEBUG [2017-12-20 11:14:34]  {conn-1210001, stmt-1220000, rs-1250000} open
308232 DEBUG [2017-12-20 11:14:34]  {conn-1210001, stmt-1220000, rs-1250000} Header: [1]
308233 DEBUG [2017-12-20 11:14:34]  {conn-1210001, stmt-1220000, rs-1250000} closed
308233 DEBUG [2017-12-20 11:14:34]  {conn-1210001, stmt-1220000} closed
308553 DEBUG [2017-12-20 11:14:34]  {conn-1210002} connected
308554 DEBUG [2017-12-20 11:14:34]  {conn-1210002, stmt-1220001} created
308587 DEBUG [2017-12-20 11:14:34]  {conn-1210002, stmt-1220001, rs-1250001} query executed. 32.630196 millis. 
SELECT 1 FROM DUAL
308587 DEBUG [2017-12-20 11:14:34]  {conn-1210002, stmt-1220001, rs-1250001} open
308587 DEBUG [2017-12-20 11:14:34]  {conn-1210002, stmt-1220001, rs-1250001} Header: [1]
308587 DEBUG [2017-12-20 11:14:34]  {conn-1210002, stmt-1220001, rs-1250001} closed
308587 DEBUG [2017-12-20 11:14:34]  {conn-1210002, stmt-1220001} closed
308927 DEBUG [2017-12-20 11:14:34]  {conn-1210003} connected
308927 DEBUG [2017-12-20 11:14:34]  {conn-1210003, stmt-1220002} created
308971 DEBUG [2017-12-20 11:14:35]  {conn-1210003, stmt-1220002, rs-1250002} query executed. 43.763292 millis. 
SELECT 1 FROM DUAL
308971 DEBUG [2017-12-20 11:14:35]  {conn-1210003, stmt-1220002, rs-1250002} open
308971 DEBUG [2017-12-20 11:14:35]  {conn-1210003, stmt-1220002, rs-1250002} Header: [1]
308972 DEBUG [2017-12-20 11:14:35]  {conn-1210003, stmt-1220002, rs-1250002} closed
308972 DEBUG [2017-12-20 11:14:35]  {conn-1210003, stmt-1220002} closed
309273 DEBUG [2017-12-20 11:14:35]  {conn-1210004} connected
309274 DEBUG [2017-12-20 11:14:35]  {conn-1210004, stmt-1220003} created
309304 DEBUG [2017-12-20 11:14:35]  {conn-1210004, stmt-1220003, rs-1250003} query executed. 30.152973 millis. 
SELECT 1 FROM DUAL
309304 DEBUG [2017-12-20 11:14:35]  {conn-1210004, stmt-1220003, rs-1250003} open
309304 DEBUG [2017-12-20 11:14:35]  {conn-1210004, stmt-1220003, rs-1250003} Header: [1]
309305 DEBUG [2017-12-20 11:14:35]  {conn-1210004, stmt-1220003, rs-1250003} closed
309305 DEBUG [2017-12-20 11:14:35]  {conn-1210004, stmt-1220003} closed
309607 DEBUG [2017-12-20 11:14:35]  {conn-1210005} connected
309607 DEBUG [2017-12-20 11:14:35]  {conn-1210005, stmt-1220004} created
309637 DEBUG [2017-12-20 11:14:35]  {conn-1210005, stmt-1220004, rs-1250004} query executed. 28.941165 millis. 
SELECT 1 FROM DUAL
309637 DEBUG [2017-12-20 11:14:35]  {conn-1210005, stmt-1220004, rs-1250004} open
309637 DEBUG [2017-12-20 11:14:35]  {conn-1210005, stmt-1220004, rs-1250004} Header: [1]
309637 DEBUG [2017-12-20 11:14:35]  {conn-1210005, stmt-1220004, rs-1250004} closed
309637 DEBUG [2017-12-20 11:14:35]  {conn-1210005, stmt-1220004} closed
309698 INFO  [2017-12-20 11:14:35]  {dataSource-13} inited
309745 DEBUG [2017-12-20 11:14:35]  {conn-1210005} pool-connect
309745 DEBUG [2017-12-20 11:14:35]  {conn-1210005} pool-recycle
356567 DEBUG [2017-12-20 11:15:22]  {conn-1210001} closed
356567 DEBUG [2017-12-20 11:15:22]  {conn-1210002} closed
356568 DEBUG [2017-12-20 11:15:22]  {conn-1210003} closed
356569 DEBUG [2017-12-20 11:15:22]  {conn-1210004} closed
356569 DEBUG [2017-12-20 11:15:22]  {conn-1210005} closed
356570 INFO  [2017-12-20 11:15:22]  {dataSource-13} closed
357710 DEBUG [2017-12-20 11:15:23]  {conn-1310001} connected
357711 DEBUG [2017-12-20 11:15:23]  {conn-1310001, stmt-1320000} created
357743 DEBUG [2017-12-20 11:15:23]  {conn-1310001, stmt-1320000, rs-1350000} query executed. 31.871311 millis. 
SELECT 1 FROM DUAL
357743 DEBUG [2017-12-20 11:15:23]  {conn-1310001, stmt-1320000, rs-1350000} open
357743 DEBUG [2017-12-20 11:15:23]  {conn-1310001, stmt-1320000, rs-1350000} Header: [1]
357744 DEBUG [2017-12-20 11:15:23]  {conn-1310001, stmt-1320000, rs-1350000} closed
357744 DEBUG [2017-12-20 11:15:23]  {conn-1310001, stmt-1320000} closed
358055 DEBUG [2017-12-20 11:15:24]  {conn-1310002} connected
358056 DEBUG [2017-12-20 11:15:24]  {conn-1310002, stmt-1320001} created
358086 DEBUG [2017-12-20 11:15:24]  {conn-1310002, stmt-1320001, rs-1350001} query executed. 30.302853 millis. 
SELECT 1 FROM DUAL
358086 DEBUG [2017-12-20 11:15:24]  {conn-1310002, stmt-1320001, rs-1350001} open
358086 DEBUG [2017-12-20 11:15:24]  {conn-1310002, stmt-1320001, rs-1350001} Header: [1]
358086 DEBUG [2017-12-20 11:15:24]  {conn-1310002, stmt-1320001, rs-1350001} closed
358086 DEBUG [2017-12-20 11:15:24]  {conn-1310002, stmt-1320001} closed
358417 DEBUG [2017-12-20 11:15:24]  {conn-1310003} connected
358418 DEBUG [2017-12-20 11:15:24]  {conn-1310003, stmt-1320002} created
358452 DEBUG [2017-12-20 11:15:24]  {conn-1310003, stmt-1320002, rs-1350002} query executed. 33.836168 millis. 
SELECT 1 FROM DUAL
358452 DEBUG [2017-12-20 11:15:24]  {conn-1310003, stmt-1320002, rs-1350002} open
358452 DEBUG [2017-12-20 11:15:24]  {conn-1310003, stmt-1320002, rs-1350002} Header: [1]
358452 DEBUG [2017-12-20 11:15:24]  {conn-1310003, stmt-1320002, rs-1350002} closed
358452 DEBUG [2017-12-20 11:15:24]  {conn-1310003, stmt-1320002} closed
358755 DEBUG [2017-12-20 11:15:24]  {conn-1310004} connected
358755 DEBUG [2017-12-20 11:15:24]  {conn-1310004, stmt-1320003} created
358785 DEBUG [2017-12-20 11:15:24]  {conn-1310004, stmt-1320003, rs-1350003} query executed. 29.769337 millis. 
SELECT 1 FROM DUAL
358785 DEBUG [2017-12-20 11:15:24]  {conn-1310004, stmt-1320003, rs-1350003} open
358785 DEBUG [2017-12-20 11:15:24]  {conn-1310004, stmt-1320003, rs-1350003} Header: [1]
358786 DEBUG [2017-12-20 11:15:24]  {conn-1310004, stmt-1320003, rs-1350003} closed
358786 DEBUG [2017-12-20 11:15:24]  {conn-1310004, stmt-1320003} closed
359109 DEBUG [2017-12-20 11:15:25]  {conn-1310005} connected
359110 DEBUG [2017-12-20 11:15:25]  {conn-1310005, stmt-1320004} created
359144 DEBUG [2017-12-20 11:15:25]  {conn-1310005, stmt-1320004, rs-1350004} query executed. 33.930984 millis. 
SELECT 1 FROM DUAL
359144 DEBUG [2017-12-20 11:15:25]  {conn-1310005, stmt-1320004, rs-1350004} open
359144 DEBUG [2017-12-20 11:15:25]  {conn-1310005, stmt-1320004, rs-1350004} Header: [1]
359145 DEBUG [2017-12-20 11:15:25]  {conn-1310005, stmt-1320004, rs-1350004} closed
359145 DEBUG [2017-12-20 11:15:25]  {conn-1310005, stmt-1320004} closed
359213 INFO  [2017-12-20 11:15:25]  {dataSource-14} inited
359282 DEBUG [2017-12-20 11:15:25]  {conn-1310005} pool-connect
359282 DEBUG [2017-12-20 11:15:25]  {conn-1310005} pool-recycle
379461 DEBUG [2017-12-20 11:15:45]  {conn-1310001} closed
379462 DEBUG [2017-12-20 11:15:45]  {conn-1310002} closed
379462 DEBUG [2017-12-20 11:15:45]  {conn-1310003} closed
379463 DEBUG [2017-12-20 11:15:45]  {conn-1310004} closed
379463 DEBUG [2017-12-20 11:15:45]  {conn-1310005} closed
379464 INFO  [2017-12-20 11:15:45]  {dataSource-14} closed
380597 DEBUG [2017-12-20 11:15:46]  {conn-1410001} connected
380597 DEBUG [2017-12-20 11:15:46]  {conn-1410001, stmt-1420000} created
380629 DEBUG [2017-12-20 11:15:46]  {conn-1410001, stmt-1420000, rs-1450000} query executed. 32.405921 millis. 
SELECT 1 FROM DUAL
380630 DEBUG [2017-12-20 11:15:46]  {conn-1410001, stmt-1420000, rs-1450000} open
380630 DEBUG [2017-12-20 11:15:46]  {conn-1410001, stmt-1420000, rs-1450000} Header: [1]
380630 DEBUG [2017-12-20 11:15:46]  {conn-1410001, stmt-1420000, rs-1450000} closed
380630 DEBUG [2017-12-20 11:15:46]  {conn-1410001, stmt-1420000} closed
380952 DEBUG [2017-12-20 11:15:47]  {conn-1410002} connected
380953 DEBUG [2017-12-20 11:15:47]  {conn-1410002, stmt-1420001} created
380983 DEBUG [2017-12-20 11:15:47]  {conn-1410002, stmt-1420001, rs-1450001} query executed. 30.531504 millis. 
SELECT 1 FROM DUAL
380984 DEBUG [2017-12-20 11:15:47]  {conn-1410002, stmt-1420001, rs-1450001} open
380984 DEBUG [2017-12-20 11:15:47]  {conn-1410002, stmt-1420001, rs-1450001} Header: [1]
380984 DEBUG [2017-12-20 11:15:47]  {conn-1410002, stmt-1420001, rs-1450001} closed
380984 DEBUG [2017-12-20 11:15:47]  {conn-1410002, stmt-1420001} closed
381299 DEBUG [2017-12-20 11:15:47]  {conn-1410003} connected
381299 DEBUG [2017-12-20 11:15:47]  {conn-1410003, stmt-1420002} created
381350 DEBUG [2017-12-20 11:15:47]  {conn-1410003, stmt-1420002, rs-1450002} query executed. 51.313114 millis. 
SELECT 1 FROM DUAL
381350 DEBUG [2017-12-20 11:15:47]  {conn-1410003, stmt-1420002, rs-1450002} open
381351 DEBUG [2017-12-20 11:15:47]  {conn-1410003, stmt-1420002, rs-1450002} Header: [1]
381351 DEBUG [2017-12-20 11:15:47]  {conn-1410003, stmt-1420002, rs-1450002} closed
381351 DEBUG [2017-12-20 11:15:47]  {conn-1410003, stmt-1420002} closed
381667 DEBUG [2017-12-20 11:15:47]  {conn-1410004} connected
381668 DEBUG [2017-12-20 11:15:47]  {conn-1410004, stmt-1420003} created
381698 DEBUG [2017-12-20 11:15:47]  {conn-1410004, stmt-1420003, rs-1450003} query executed. 30.645646 millis. 
SELECT 1 FROM DUAL
381699 DEBUG [2017-12-20 11:15:47]  {conn-1410004, stmt-1420003, rs-1450003} open
381699 DEBUG [2017-12-20 11:15:47]  {conn-1410004, stmt-1420003, rs-1450003} Header: [1]
381699 DEBUG [2017-12-20 11:15:47]  {conn-1410004, stmt-1420003, rs-1450003} closed
381699 DEBUG [2017-12-20 11:15:47]  {conn-1410004, stmt-1420003} closed
382001 DEBUG [2017-12-20 11:15:48]  {conn-1410005} connected
382001 DEBUG [2017-12-20 11:15:48]  {conn-1410005, stmt-1420004} created
382031 DEBUG [2017-12-20 11:15:48]  {conn-1410005, stmt-1420004, rs-1450004} query executed. 29.719377 millis. 
SELECT 1 FROM DUAL
382031 DEBUG [2017-12-20 11:15:48]  {conn-1410005, stmt-1420004, rs-1450004} open
382031 DEBUG [2017-12-20 11:15:48]  {conn-1410005, stmt-1420004, rs-1450004} Header: [1]
382031 DEBUG [2017-12-20 11:15:48]  {conn-1410005, stmt-1420004, rs-1450004} closed
382031 DEBUG [2017-12-20 11:15:48]  {conn-1410005, stmt-1420004} closed
382092 INFO  [2017-12-20 11:15:48]  {dataSource-15} inited
382147 DEBUG [2017-12-20 11:15:48]  {conn-1410005} pool-connect
382147 DEBUG [2017-12-20 11:15:48]  {conn-1410005} pool-recycle
402327 DEBUG [2017-12-20 11:16:08]  {conn-1410001} closed
402327 DEBUG [2017-12-20 11:16:08]  {conn-1410002} closed
402328 DEBUG [2017-12-20 11:16:08]  {conn-1410003} closed
402328 DEBUG [2017-12-20 11:16:08]  {conn-1410004} closed
402329 DEBUG [2017-12-20 11:16:08]  {conn-1410005} closed
402329 INFO  [2017-12-20 11:16:08]  {dataSource-15} closed
403480 DEBUG [2017-12-20 11:16:09]  {conn-1510001} connected
403480 DEBUG [2017-12-20 11:16:09]  {conn-1510001, stmt-1520000} created
403510 DEBUG [2017-12-20 11:16:09]  {conn-1510001, stmt-1520000, rs-1550000} query executed. 30.716028 millis. 
SELECT 1 FROM DUAL
403511 DEBUG [2017-12-20 11:16:09]  {conn-1510001, stmt-1520000, rs-1550000} open
403511 DEBUG [2017-12-20 11:16:09]  {conn-1510001, stmt-1520000, rs-1550000} Header: [1]
403511 DEBUG [2017-12-20 11:16:09]  {conn-1510001, stmt-1520000, rs-1550000} closed
403511 DEBUG [2017-12-20 11:16:09]  {conn-1510001, stmt-1520000} closed
403815 DEBUG [2017-12-20 11:16:09]  {conn-1510002} connected
403816 DEBUG [2017-12-20 11:16:09]  {conn-1510002, stmt-1520001} created
403847 DEBUG [2017-12-20 11:16:09]  {conn-1510002, stmt-1520001, rs-1550001} query executed. 31.385567 millis. 
SELECT 1 FROM DUAL
403847 DEBUG [2017-12-20 11:16:09]  {conn-1510002, stmt-1520001, rs-1550001} open
403847 DEBUG [2017-12-20 11:16:09]  {conn-1510002, stmt-1520001, rs-1550001} Header: [1]
403848 DEBUG [2017-12-20 11:16:09]  {conn-1510002, stmt-1520001, rs-1550001} closed
403848 DEBUG [2017-12-20 11:16:09]  {conn-1510002, stmt-1520001} closed
404137 DEBUG [2017-12-20 11:16:10]  {conn-1510003} connected
404138 DEBUG [2017-12-20 11:16:10]  {conn-1510003, stmt-1520002} created
404166 DEBUG [2017-12-20 11:16:10]  {conn-1510003, stmt-1520002, rs-1550002} query executed. 28.536014 millis. 
SELECT 1 FROM DUAL
404167 DEBUG [2017-12-20 11:16:10]  {conn-1510003, stmt-1520002, rs-1550002} open
404167 DEBUG [2017-12-20 11:16:10]  {conn-1510003, stmt-1520002, rs-1550002} Header: [1]
404167 DEBUG [2017-12-20 11:16:10]  {conn-1510003, stmt-1520002, rs-1550002} closed
404167 DEBUG [2017-12-20 11:16:10]  {conn-1510003, stmt-1520002} closed
404464 DEBUG [2017-12-20 11:16:10]  {conn-1510004} connected
404464 DEBUG [2017-12-20 11:16:10]  {conn-1510004, stmt-1520003} created
404494 DEBUG [2017-12-20 11:16:10]  {conn-1510004, stmt-1520003, rs-1550003} query executed. 30.40168 millis. 
SELECT 1 FROM DUAL
404495 DEBUG [2017-12-20 11:16:10]  {conn-1510004, stmt-1520003, rs-1550003} open
404495 DEBUG [2017-12-20 11:16:10]  {conn-1510004, stmt-1520003, rs-1550003} Header: [1]
404495 DEBUG [2017-12-20 11:16:10]  {conn-1510004, stmt-1520003, rs-1550003} closed
404495 DEBUG [2017-12-20 11:16:10]  {conn-1510004, stmt-1520003} closed
404806 DEBUG [2017-12-20 11:16:10]  {conn-1510005} connected
404806 DEBUG [2017-12-20 11:16:10]  {conn-1510005, stmt-1520004} created
404838 DEBUG [2017-12-20 11:16:10]  {conn-1510005, stmt-1520004, rs-1550004} query executed. 31.620781 millis. 
SELECT 1 FROM DUAL
404838 DEBUG [2017-12-20 11:16:10]  {conn-1510005, stmt-1520004, rs-1550004} open
404838 DEBUG [2017-12-20 11:16:10]  {conn-1510005, stmt-1520004, rs-1550004} Header: [1]
404839 DEBUG [2017-12-20 11:16:10]  {conn-1510005, stmt-1520004, rs-1550004} closed
404839 DEBUG [2017-12-20 11:16:10]  {conn-1510005, stmt-1520004} closed
404903 INFO  [2017-12-20 11:16:10]  {dataSource-16} inited
404982 DEBUG [2017-12-20 11:16:11]  {conn-1510005} pool-connect
404982 DEBUG [2017-12-20 11:16:11]  {conn-1510005} pool-recycle
498138 DEBUG [2017-12-20 11:17:44]  {conn-1510001} closed
498139 DEBUG [2017-12-20 11:17:44]  {conn-1510002} closed
498139 DEBUG [2017-12-20 11:17:44]  {conn-1510003} closed
498140 DEBUG [2017-12-20 11:17:44]  {conn-1510004} closed
498141 DEBUG [2017-12-20 11:17:44]  {conn-1510005} closed
498141 INFO  [2017-12-20 11:17:44]  {dataSource-16} closed
499490 DEBUG [2017-12-20 11:17:45]  {conn-1610001} connected
499490 DEBUG [2017-12-20 11:17:45]  {conn-1610001, stmt-1620000} created
499523 DEBUG [2017-12-20 11:17:45]  {conn-1610001, stmt-1620000, rs-1650000} query executed. 32.630925 millis. 
SELECT 1 FROM DUAL
499523 DEBUG [2017-12-20 11:17:45]  {conn-1610001, stmt-1620000, rs-1650000} open
499523 DEBUG [2017-12-20 11:17:45]  {conn-1610001, stmt-1620000, rs-1650000} Header: [1]
499524 DEBUG [2017-12-20 11:17:45]  {conn-1610001, stmt-1620000, rs-1650000} closed
499524 DEBUG [2017-12-20 11:17:45]  {conn-1610001, stmt-1620000} closed
499860 DEBUG [2017-12-20 11:17:45]  {conn-1610002} connected
499861 DEBUG [2017-12-20 11:17:45]  {conn-1610002, stmt-1620001} created
499893 DEBUG [2017-12-20 11:17:45]  {conn-1610002, stmt-1620001, rs-1650001} query executed. 32.247289 millis. 
SELECT 1 FROM DUAL
499893 DEBUG [2017-12-20 11:17:45]  {conn-1610002, stmt-1620001, rs-1650001} open
499893 DEBUG [2017-12-20 11:17:45]  {conn-1610002, stmt-1620001, rs-1650001} Header: [1]
499894 DEBUG [2017-12-20 11:17:45]  {conn-1610002, stmt-1620001, rs-1650001} closed
499894 DEBUG [2017-12-20 11:17:45]  {conn-1610002, stmt-1620001} closed
500213 DEBUG [2017-12-20 11:17:46]  {conn-1610003} connected
500214 DEBUG [2017-12-20 11:17:46]  {conn-1610003, stmt-1620002} created
500245 DEBUG [2017-12-20 11:17:46]  {conn-1610003, stmt-1620002, rs-1650002} query executed. 31.19849 millis. 
SELECT 1 FROM DUAL
500245 DEBUG [2017-12-20 11:17:46]  {conn-1610003, stmt-1620002, rs-1650002} open
500246 DEBUG [2017-12-20 11:17:46]  {conn-1610003, stmt-1620002, rs-1650002} Header: [1]
500246 DEBUG [2017-12-20 11:17:46]  {conn-1610003, stmt-1620002, rs-1650002} closed
500246 DEBUG [2017-12-20 11:17:46]  {conn-1610003, stmt-1620002} closed
500576 DEBUG [2017-12-20 11:17:46]  {conn-1610004} connected
500577 DEBUG [2017-12-20 11:17:46]  {conn-1610004, stmt-1620003} created
500608 DEBUG [2017-12-20 11:17:46]  {conn-1610004, stmt-1620003, rs-1650003} query executed. 31.492781 millis. 
SELECT 1 FROM DUAL
500608 DEBUG [2017-12-20 11:17:46]  {conn-1610004, stmt-1620003, rs-1650003} open
500608 DEBUG [2017-12-20 11:17:46]  {conn-1610004, stmt-1620003, rs-1650003} Header: [1]
500608 DEBUG [2017-12-20 11:17:46]  {conn-1610004, stmt-1620003, rs-1650003} closed
500608 DEBUG [2017-12-20 11:17:46]  {conn-1610004, stmt-1620003} closed
500917 DEBUG [2017-12-20 11:17:46]  {conn-1610005} connected
500917 DEBUG [2017-12-20 11:17:46]  {conn-1610005, stmt-1620004} created
500947 DEBUG [2017-12-20 11:17:46]  {conn-1610005, stmt-1620004, rs-1650004} query executed. 29.550168 millis. 
SELECT 1 FROM DUAL
500947 DEBUG [2017-12-20 11:17:46]  {conn-1610005, stmt-1620004, rs-1650004} open
500947 DEBUG [2017-12-20 11:17:46]  {conn-1610005, stmt-1620004, rs-1650004} Header: [1]
500947 DEBUG [2017-12-20 11:17:46]  {conn-1610005, stmt-1620004, rs-1650004} closed
500947 DEBUG [2017-12-20 11:17:46]  {conn-1610005, stmt-1620004} closed
501014 INFO  [2017-12-20 11:17:47]  {dataSource-17} inited
501082 DEBUG [2017-12-20 11:17:47]  {conn-1610005} pool-connect
501084 DEBUG [2017-12-20 11:17:47]  {conn-1610005} pool-recycle
507905 DEBUG [2017-12-20 11:17:53]  {conn-1610001} closed
507907 DEBUG [2017-12-20 11:17:53]  {conn-1610002} closed
507908 DEBUG [2017-12-20 11:17:53]  {conn-1610003} closed
507909 DEBUG [2017-12-20 11:17:53]  {conn-1610004} closed
507910 DEBUG [2017-12-20 11:17:53]  {conn-1610005} closed
507910 INFO  [2017-12-20 11:17:53]  {dataSource-17} closed
509050 DEBUG [2017-12-20 11:17:55]  {conn-1710001} connected
509050 DEBUG [2017-12-20 11:17:55]  {conn-1710001, stmt-1720000} created
509082 DEBUG [2017-12-20 11:17:55]  {conn-1710001, stmt-1720000, rs-1750000} query executed. 31.873864 millis. 
SELECT 1 FROM DUAL
509082 DEBUG [2017-12-20 11:17:55]  {conn-1710001, stmt-1720000, rs-1750000} open
509083 DEBUG [2017-12-20 11:17:55]  {conn-1710001, stmt-1720000, rs-1750000} Header: [1]
509083 DEBUG [2017-12-20 11:17:55]  {conn-1710001, stmt-1720000, rs-1750000} closed
509083 DEBUG [2017-12-20 11:17:55]  {conn-1710001, stmt-1720000} closed
509382 DEBUG [2017-12-20 11:17:55]  {conn-1710002} connected
509383 DEBUG [2017-12-20 11:17:55]  {conn-1710002, stmt-1720001} created
509412 DEBUG [2017-12-20 11:17:55]  {conn-1710002, stmt-1720001, rs-1750001} query executed. 29.046191 millis. 
SELECT 1 FROM DUAL
509412 DEBUG [2017-12-20 11:17:55]  {conn-1710002, stmt-1720001, rs-1750001} open
509412 DEBUG [2017-12-20 11:17:55]  {conn-1710002, stmt-1720001, rs-1750001} Header: [1]
509412 DEBUG [2017-12-20 11:17:55]  {conn-1710002, stmt-1720001, rs-1750001} closed
509412 DEBUG [2017-12-20 11:17:55]  {conn-1710002, stmt-1720001} closed
509735 DEBUG [2017-12-20 11:17:55]  {conn-1710003} connected
509735 DEBUG [2017-12-20 11:17:55]  {conn-1710003, stmt-1720002} created
509766 DEBUG [2017-12-20 11:17:55]  {conn-1710003, stmt-1720002, rs-1750002} query executed. 31.046786 millis. 
SELECT 1 FROM DUAL
509767 DEBUG [2017-12-20 11:17:55]  {conn-1710003, stmt-1720002, rs-1750002} open
509767 DEBUG [2017-12-20 11:17:55]  {conn-1710003, stmt-1720002, rs-1750002} Header: [1]
509767 DEBUG [2017-12-20 11:17:55]  {conn-1710003, stmt-1720002, rs-1750002} closed
509767 DEBUG [2017-12-20 11:17:55]  {conn-1710003, stmt-1720002} closed
510067 DEBUG [2017-12-20 11:17:56]  {conn-1710004} connected
510068 DEBUG [2017-12-20 11:17:56]  {conn-1710004, stmt-1720003} created
510098 DEBUG [2017-12-20 11:17:56]  {conn-1710004, stmt-1720003, rs-1750003} query executed. 30.348073 millis. 
SELECT 1 FROM DUAL
510098 DEBUG [2017-12-20 11:17:56]  {conn-1710004, stmt-1720003, rs-1750003} open
510098 DEBUG [2017-12-20 11:17:56]  {conn-1710004, stmt-1720003, rs-1750003} Header: [1]
510098 DEBUG [2017-12-20 11:17:56]  {conn-1710004, stmt-1720003, rs-1750003} closed
510099 DEBUG [2017-12-20 11:17:56]  {conn-1710004, stmt-1720003} closed
510389 DEBUG [2017-12-20 11:17:56]  {conn-1710005} connected
510390 DEBUG [2017-12-20 11:17:56]  {conn-1710005, stmt-1720004} created
510419 DEBUG [2017-12-20 11:17:56]  {conn-1710005, stmt-1720004, rs-1750004} query executed. 29.083752 millis. 
SELECT 1 FROM DUAL
510419 DEBUG [2017-12-20 11:17:56]  {conn-1710005, stmt-1720004, rs-1750004} open
510419 DEBUG [2017-12-20 11:17:56]  {conn-1710005, stmt-1720004, rs-1750004} Header: [1]
510419 DEBUG [2017-12-20 11:17:56]  {conn-1710005, stmt-1720004, rs-1750004} closed
510420 DEBUG [2017-12-20 11:17:56]  {conn-1710005, stmt-1720004} closed
510481 INFO  [2017-12-20 11:17:56]  {dataSource-18} inited
510550 DEBUG [2017-12-20 11:17:56]  {conn-1710005} pool-connect
510550 DEBUG [2017-12-20 11:17:56]  {conn-1710005} pool-recycle
546046 DEBUG [2017-12-20 11:18:32]  {conn-1710001} closed
546048 DEBUG [2017-12-20 11:18:32]  {conn-1710002} closed
546049 DEBUG [2017-12-20 11:18:32]  {conn-1710003} closed
546050 DEBUG [2017-12-20 11:18:32]  {conn-1710004} closed
546051 DEBUG [2017-12-20 11:18:32]  {conn-1710005} closed
546051 INFO  [2017-12-20 11:18:32]  {dataSource-18} closed
547238 DEBUG [2017-12-20 11:18:33]  {conn-1810001} connected
547238 DEBUG [2017-12-20 11:18:33]  {conn-1810001, stmt-1820000} created
547289 DEBUG [2017-12-20 11:18:33]  {conn-1810001, stmt-1820000, rs-1850000} query executed. 51.127495 millis. 
SELECT 1 FROM DUAL
547289 DEBUG [2017-12-20 11:18:33]  {conn-1810001, stmt-1820000, rs-1850000} open
547289 DEBUG [2017-12-20 11:18:33]  {conn-1810001, stmt-1820000, rs-1850000} Header: [1]
547290 DEBUG [2017-12-20 11:18:33]  {conn-1810001, stmt-1820000, rs-1850000} closed
547290 DEBUG [2017-12-20 11:18:33]  {conn-1810001, stmt-1820000} closed
547623 DEBUG [2017-12-20 11:18:33]  {conn-1810002} connected
547623 DEBUG [2017-12-20 11:18:33]  {conn-1810002, stmt-1820001} created
547655 DEBUG [2017-12-20 11:18:33]  {conn-1810002, stmt-1820001, rs-1850001} query executed. 32.133146 millis. 
SELECT 1 FROM DUAL
547655 DEBUG [2017-12-20 11:18:33]  {conn-1810002, stmt-1820001, rs-1850001} open
547655 DEBUG [2017-12-20 11:18:33]  {conn-1810002, stmt-1820001, rs-1850001} Header: [1]
547656 DEBUG [2017-12-20 11:18:33]  {conn-1810002, stmt-1820001, rs-1850001} closed
547656 DEBUG [2017-12-20 11:18:33]  {conn-1810002, stmt-1820001} closed
547956 DEBUG [2017-12-20 11:18:34]  {conn-1810003} connected
547956 DEBUG [2017-12-20 11:18:34]  {conn-1810003, stmt-1820002} created
547986 DEBUG [2017-12-20 11:18:34]  {conn-1810003, stmt-1820002, rs-1850002} query executed. 29.665041 millis. 
SELECT 1 FROM DUAL
547986 DEBUG [2017-12-20 11:18:34]  {conn-1810003, stmt-1820002, rs-1850002} open
547986 DEBUG [2017-12-20 11:18:34]  {conn-1810003, stmt-1820002, rs-1850002} Header: [1]
547986 DEBUG [2017-12-20 11:18:34]  {conn-1810003, stmt-1820002, rs-1850002} closed
547987 DEBUG [2017-12-20 11:18:34]  {conn-1810003, stmt-1820002} closed
548295 DEBUG [2017-12-20 11:18:34]  {conn-1810004} connected
548295 DEBUG [2017-12-20 11:18:34]  {conn-1810004, stmt-1820003} created
548325 DEBUG [2017-12-20 11:18:34]  {conn-1810004, stmt-1820003, rs-1850003} query executed. 30.24013 millis. 
SELECT 1 FROM DUAL
548325 DEBUG [2017-12-20 11:18:34]  {conn-1810004, stmt-1820003, rs-1850003} open
548326 DEBUG [2017-12-20 11:18:34]  {conn-1810004, stmt-1820003, rs-1850003} Header: [1]
548326 DEBUG [2017-12-20 11:18:34]  {conn-1810004, stmt-1820003, rs-1850003} closed
548326 DEBUG [2017-12-20 11:18:34]  {conn-1810004, stmt-1820003} closed
548624 DEBUG [2017-12-20 11:18:34]  {conn-1810005} connected
548625 DEBUG [2017-12-20 11:18:34]  {conn-1810005, stmt-1820004} created
548655 DEBUG [2017-12-20 11:18:34]  {conn-1810005, stmt-1820004, rs-1850004} query executed. 30.13948 millis. 
SELECT 1 FROM DUAL
548655 DEBUG [2017-12-20 11:18:34]  {conn-1810005, stmt-1820004, rs-1850004} open
548655 DEBUG [2017-12-20 11:18:34]  {conn-1810005, stmt-1820004, rs-1850004} Header: [1]
548655 DEBUG [2017-12-20 11:18:34]  {conn-1810005, stmt-1820004, rs-1850004} closed
548655 DEBUG [2017-12-20 11:18:34]  {conn-1810005, stmt-1820004} closed
548714 INFO  [2017-12-20 11:18:34]  {dataSource-19} inited
548758 DEBUG [2017-12-20 11:18:34]  {conn-1810005} pool-connect
548759 DEBUG [2017-12-20 11:18:34]  {conn-1810005} pool-recycle
561737 DEBUG [2017-12-20 11:18:47]  {conn-1810001} closed
561738 DEBUG [2017-12-20 11:18:47]  {conn-1810002} closed
561740 DEBUG [2017-12-20 11:18:47]  {conn-1810003} closed
561741 DEBUG [2017-12-20 11:18:47]  {conn-1810004} closed
561743 DEBUG [2017-12-20 11:18:47]  {conn-1810005} closed
561743 INFO  [2017-12-20 11:18:47]  {dataSource-19} closed
562819 DEBUG [2017-12-20 11:18:48]  {conn-1910001} connected
562819 DEBUG [2017-12-20 11:18:48]  {conn-1910001, stmt-1920000} created
562853 DEBUG [2017-12-20 11:18:48]  {conn-1910001, stmt-1920000, rs-1950000} query executed. 33.514527 millis. 
SELECT 1 FROM DUAL
562854 DEBUG [2017-12-20 11:18:48]  {conn-1910001, stmt-1920000, rs-1950000} open
562854 DEBUG [2017-12-20 11:18:48]  {conn-1910001, stmt-1920000, rs-1950000} Header: [1]
562854 DEBUG [2017-12-20 11:18:48]  {conn-1910001, stmt-1920000, rs-1950000} closed
562854 DEBUG [2017-12-20 11:18:48]  {conn-1910001, stmt-1920000} closed
563175 DEBUG [2017-12-20 11:18:49]  {conn-1910002} connected
563175 DEBUG [2017-12-20 11:18:49]  {conn-1910002, stmt-1920001} created
563209 DEBUG [2017-12-20 11:18:49]  {conn-1910002, stmt-1920001, rs-1950001} query executed. 33.617 millis. 
SELECT 1 FROM DUAL
563209 DEBUG [2017-12-20 11:18:49]  {conn-1910002, stmt-1920001, rs-1950001} open
563210 DEBUG [2017-12-20 11:18:49]  {conn-1910002, stmt-1920001, rs-1950001} Header: [1]
563210 DEBUG [2017-12-20 11:18:49]  {conn-1910002, stmt-1920001, rs-1950001} closed
563210 DEBUG [2017-12-20 11:18:49]  {conn-1910002, stmt-1920001} closed
563559 DEBUG [2017-12-20 11:18:49]  {conn-1910003} connected
563559 DEBUG [2017-12-20 11:18:49]  {conn-1910003, stmt-1920002} created
563592 DEBUG [2017-12-20 11:18:49]  {conn-1910003, stmt-1920002, rs-1950002} query executed. 32.255676 millis. 
SELECT 1 FROM DUAL
563592 DEBUG [2017-12-20 11:18:49]  {conn-1910003, stmt-1920002, rs-1950002} open
563592 DEBUG [2017-12-20 11:18:49]  {conn-1910003, stmt-1920002, rs-1950002} Header: [1]
563592 DEBUG [2017-12-20 11:18:49]  {conn-1910003, stmt-1920002, rs-1950002} closed
563592 DEBUG [2017-12-20 11:18:49]  {conn-1910003, stmt-1920002} closed
563939 DEBUG [2017-12-20 11:18:49]  {conn-1910004} connected
563940 DEBUG [2017-12-20 11:18:49]  {conn-1910004, stmt-1920003} created
563980 DEBUG [2017-12-20 11:18:50]  {conn-1910004, stmt-1920003, rs-1950003} query executed. 40.224872 millis. 
SELECT 1 FROM DUAL
563980 DEBUG [2017-12-20 11:18:50]  {conn-1910004, stmt-1920003, rs-1950003} open
563980 DEBUG [2017-12-20 11:18:50]  {conn-1910004, stmt-1920003, rs-1950003} Header: [1]
563980 DEBUG [2017-12-20 11:18:50]  {conn-1910004, stmt-1920003, rs-1950003} closed
563981 DEBUG [2017-12-20 11:18:50]  {conn-1910004, stmt-1920003} closed
564303 DEBUG [2017-12-20 11:18:50]  {conn-1910005} connected
564303 DEBUG [2017-12-20 11:18:50]  {conn-1910005, stmt-1920004} created
564336 DEBUG [2017-12-20 11:18:50]  {conn-1910005, stmt-1920004, rs-1950004} query executed. 33.021124 millis. 
SELECT 1 FROM DUAL
564337 DEBUG [2017-12-20 11:18:50]  {conn-1910005, stmt-1920004, rs-1950004} open
564337 DEBUG [2017-12-20 11:18:50]  {conn-1910005, stmt-1920004, rs-1950004} Header: [1]
564337 DEBUG [2017-12-20 11:18:50]  {conn-1910005, stmt-1920004, rs-1950004} closed
564337 DEBUG [2017-12-20 11:18:50]  {conn-1910005, stmt-1920004} closed
564407 INFO  [2017-12-20 11:18:50]  {dataSource-20} inited
564477 DEBUG [2017-12-20 11:18:50]  {conn-1910005} pool-connect
564477 DEBUG [2017-12-20 11:18:50]  {conn-1910005} pool-recycle
585586 DEBUG [2017-12-20 11:19:11]  {conn-1910001} closed
585589 DEBUG [2017-12-20 11:19:11]  {conn-1910002} closed
585590 DEBUG [2017-12-20 11:19:11]  {conn-1910003} closed
585591 DEBUG [2017-12-20 11:19:11]  {conn-1910004} closed
585592 DEBUG [2017-12-20 11:19:11]  {conn-1910005} closed
585593 INFO  [2017-12-20 11:19:11]  {dataSource-20} closed
586794 DEBUG [2017-12-20 11:19:12]  {conn-2010001} connected
586794 DEBUG [2017-12-20 11:19:12]  {conn-2010001, stmt-2020000} created
586830 DEBUG [2017-12-20 11:19:12]  {conn-2010001, stmt-2020000, rs-2050000} query executed. 36.080366 millis. 
SELECT 1 FROM DUAL
586830 DEBUG [2017-12-20 11:19:12]  {conn-2010001, stmt-2020000, rs-2050000} open
586830 DEBUG [2017-12-20 11:19:12]  {conn-2010001, stmt-2020000, rs-2050000} Header: [1]
586831 DEBUG [2017-12-20 11:19:12]  {conn-2010001, stmt-2020000, rs-2050000} closed
586831 DEBUG [2017-12-20 11:19:12]  {conn-2010001, stmt-2020000} closed
587136 DEBUG [2017-12-20 11:19:13]  {conn-2010002} connected
587136 DEBUG [2017-12-20 11:19:13]  {conn-2010002, stmt-2020001} created
587166 DEBUG [2017-12-20 11:19:13]  {conn-2010002, stmt-2020001, rs-2050001} query executed. 29.633679 millis. 
SELECT 1 FROM DUAL
587166 DEBUG [2017-12-20 11:19:13]  {conn-2010002, stmt-2020001, rs-2050001} open
587167 DEBUG [2017-12-20 11:19:13]  {conn-2010002, stmt-2020001, rs-2050001} Header: [1]
587167 DEBUG [2017-12-20 11:19:13]  {conn-2010002, stmt-2020001, rs-2050001} closed
587167 DEBUG [2017-12-20 11:19:13]  {conn-2010002, stmt-2020001} closed
587474 DEBUG [2017-12-20 11:19:13]  {conn-2010003} connected
587474 DEBUG [2017-12-20 11:19:13]  {conn-2010003, stmt-2020002} created
587504 DEBUG [2017-12-20 11:19:13]  {conn-2010003, stmt-2020002, rs-2050002} query executed. 29.452801 millis. 
SELECT 1 FROM DUAL
587504 DEBUG [2017-12-20 11:19:13]  {conn-2010003, stmt-2020002, rs-2050002} open
587504 DEBUG [2017-12-20 11:19:13]  {conn-2010003, stmt-2020002, rs-2050002} Header: [1]
587504 DEBUG [2017-12-20 11:19:13]  {conn-2010003, stmt-2020002, rs-2050002} closed
587504 DEBUG [2017-12-20 11:19:13]  {conn-2010003, stmt-2020002} closed
587828 DEBUG [2017-12-20 11:19:13]  {conn-2010004} connected
587829 DEBUG [2017-12-20 11:19:13]  {conn-2010004, stmt-2020003} created
587860 DEBUG [2017-12-20 11:19:13]  {conn-2010004, stmt-2020003, rs-2050003} query executed. 31.705385 millis. 
SELECT 1 FROM DUAL
587860 DEBUG [2017-12-20 11:19:13]  {conn-2010004, stmt-2020003, rs-2050003} open
587861 DEBUG [2017-12-20 11:19:13]  {conn-2010004, stmt-2020003, rs-2050003} Header: [1]
587861 DEBUG [2017-12-20 11:19:13]  {conn-2010004, stmt-2020003, rs-2050003} closed
587861 DEBUG [2017-12-20 11:19:13]  {conn-2010004, stmt-2020003} closed
588191 DEBUG [2017-12-20 11:19:14]  {conn-2010005} connected
588192 DEBUG [2017-12-20 11:19:14]  {conn-2010005, stmt-2020004} created
588223 DEBUG [2017-12-20 11:19:14]  {conn-2010005, stmt-2020004, rs-2050004} query executed. 31.010683 millis. 
SELECT 1 FROM DUAL
588223 DEBUG [2017-12-20 11:19:14]  {conn-2010005, stmt-2020004, rs-2050004} open
588223 DEBUG [2017-12-20 11:19:14]  {conn-2010005, stmt-2020004, rs-2050004} Header: [1]
588223 DEBUG [2017-12-20 11:19:14]  {conn-2010005, stmt-2020004, rs-2050004} closed
588224 DEBUG [2017-12-20 11:19:14]  {conn-2010005, stmt-2020004} closed
588286 INFO  [2017-12-20 11:19:14]  {dataSource-21} inited
588324 DEBUG [2017-12-20 11:19:14]  {conn-2010005} pool-connect
588325 DEBUG [2017-12-20 11:19:14]  {conn-2010005} pool-recycle
593029 DEBUG [2017-12-20 11:19:19]  {conn-2010001} closed
593030 DEBUG [2017-12-20 11:19:19]  {conn-2010002} closed
593031 DEBUG [2017-12-20 11:19:19]  {conn-2010003} closed
593032 DEBUG [2017-12-20 11:19:19]  {conn-2010004} closed
593032 DEBUG [2017-12-20 11:19:19]  {conn-2010005} closed
593032 INFO  [2017-12-20 11:19:19]  {dataSource-21} closed
594147 DEBUG [2017-12-20 11:19:20]  {conn-2110001} connected
594148 DEBUG [2017-12-20 11:19:20]  {conn-2110001, stmt-2120000} created
594180 DEBUG [2017-12-20 11:19:20]  {conn-2110001, stmt-2120000, rs-2150000} query executed. 32.40811 millis. 
SELECT 1 FROM DUAL
594180 DEBUG [2017-12-20 11:19:20]  {conn-2110001, stmt-2120000, rs-2150000} open
594180 DEBUG [2017-12-20 11:19:20]  {conn-2110001, stmt-2120000, rs-2150000} Header: [1]
594181 DEBUG [2017-12-20 11:19:20]  {conn-2110001, stmt-2120000, rs-2150000} closed
594181 DEBUG [2017-12-20 11:19:20]  {conn-2110001, stmt-2120000} closed
594499 DEBUG [2017-12-20 11:19:20]  {conn-2110002} connected
594499 DEBUG [2017-12-20 11:19:20]  {conn-2110002, stmt-2120001} created
594530 DEBUG [2017-12-20 11:19:20]  {conn-2110002, stmt-2120001, rs-2150001} query executed. 30.363024 millis. 
SELECT 1 FROM DUAL
594530 DEBUG [2017-12-20 11:19:20]  {conn-2110002, stmt-2120001, rs-2150001} open
594530 DEBUG [2017-12-20 11:19:20]  {conn-2110002, stmt-2120001, rs-2150001} Header: [1]
594530 DEBUG [2017-12-20 11:19:20]  {conn-2110002, stmt-2120001, rs-2150001} closed
594530 DEBUG [2017-12-20 11:19:20]  {conn-2110002, stmt-2120001} closed
594843 DEBUG [2017-12-20 11:19:20]  {conn-2110003} connected
594843 DEBUG [2017-12-20 11:19:20]  {conn-2110003, stmt-2120002} created
594873 DEBUG [2017-12-20 11:19:20]  {conn-2110003, stmt-2120002, rs-2150002} query executed. 29.762044 millis. 
SELECT 1 FROM DUAL
594873 DEBUG [2017-12-20 11:19:20]  {conn-2110003, stmt-2120002, rs-2150002} open
594873 DEBUG [2017-12-20 11:19:20]  {conn-2110003, stmt-2120002, rs-2150002} Header: [1]
594873 DEBUG [2017-12-20 11:19:20]  {conn-2110003, stmt-2120002, rs-2150002} closed
594873 DEBUG [2017-12-20 11:19:20]  {conn-2110003, stmt-2120002} closed
595186 DEBUG [2017-12-20 11:19:21]  {conn-2110004} connected
595186 DEBUG [2017-12-20 11:19:21]  {conn-2110004, stmt-2120003} created
595217 DEBUG [2017-12-20 11:19:21]  {conn-2110004, stmt-2120003, rs-2150003} query executed. 31.020165 millis. 
SELECT 1 FROM DUAL
595217 DEBUG [2017-12-20 11:19:21]  {conn-2110004, stmt-2120003, rs-2150003} open
595217 DEBUG [2017-12-20 11:19:21]  {conn-2110004, stmt-2120003, rs-2150003} Header: [1]
595217 DEBUG [2017-12-20 11:19:21]  {conn-2110004, stmt-2120003, rs-2150003} closed
595217 DEBUG [2017-12-20 11:19:21]  {conn-2110004, stmt-2120003} closed
595524 DEBUG [2017-12-20 11:19:21]  {conn-2110005} connected
595525 DEBUG [2017-12-20 11:19:21]  {conn-2110005, stmt-2120004} created
595558 DEBUG [2017-12-20 11:19:21]  {conn-2110005, stmt-2120004, rs-2150004} query executed. 33.571051 millis. 
SELECT 1 FROM DUAL
595558 DEBUG [2017-12-20 11:19:21]  {conn-2110005, stmt-2120004, rs-2150004} open
595558 DEBUG [2017-12-20 11:19:21]  {conn-2110005, stmt-2120004, rs-2150004} Header: [1]
595558 DEBUG [2017-12-20 11:19:21]  {conn-2110005, stmt-2120004, rs-2150004} closed
595558 DEBUG [2017-12-20 11:19:21]  {conn-2110005, stmt-2120004} closed
595622 INFO  [2017-12-20 11:19:21]  {dataSource-22} inited
595656 DEBUG [2017-12-20 11:19:21]  {conn-2110005} pool-connect
595657 DEBUG [2017-12-20 11:19:21]  {conn-2110005} pool-recycle
